<?xml version="1.0" encoding="UTF-8"?>
<!-- Generated by org.testng.reporters.JUnitXMLReporter -->
<testsuite ignored="0" hostname="Arun" failures="0" tests="3" name="Resend OTP Tests" time="0.879" errors="0" timestamp="2026-06-23T12:00:11 IST">
  <testcase classname="com.gamepe.tests.ResendOtpTest" name="tc01_resendOtp_validMobile_shouldReturn200Or429" time="0.319"/>
  <testcase classname="com.gamepe.tests.ResendOtpTest" name="tc02_resendOtp_unregisteredMobile_shouldReturn400Or404" time="0.256"/>
  <testcase classname="com.gamepe.tests.ResendOtpTest" name="tc03_resendOtp_emptyMobile_shouldReturn400Or422" time="0.263"/>
</testsuite> <!-- Resend OTP Tests -->
