<?xml version="1.0" encoding="UTF-8"?>
<!-- Generated by org.testng.reporters.JUnitXMLReporter -->
<testsuite ignored="0" hostname="Arun" failures="0" tests="3" name="Send OTP Tests" time="1.077" errors="0" timestamp="2026-06-23T12:00:09 IST">
  <testcase classname="com.gamepe.tests.SendOtpTest" name="tc01_sendOtp_validMobile_shouldReturn200" time="0.437"/>
  <testcase classname="com.gamepe.tests.SendOtpTest" name="tc02_sendOtp_unregisteredMobile_shouldReturn400Or404" time="0.298"/>
  <testcase classname="com.gamepe.tests.SendOtpTest" name="tc03_sendOtp_emptyMobile_shouldReturn400Or422" time="0.307"/>
</testsuite> <!-- Send OTP Tests -->
