<?xml version="1.0" encoding="UTF-8"?>
<!-- Generated by org.testng.reporters.JUnitXMLReporter -->
<testsuite ignored="0" hostname="Arun" failures="1" tests="5" name="Sign Up Tests" time="8.354" errors="0" timestamp="2026-06-23T12:00:08 IST">
  <testcase classname="com.gamepe.tests.SignUpTest" name="tc01_signUp_validMobile_shouldReturn200Or201" time="4.603"/>
  <testcase classname="com.gamepe.tests.SignUpTest" name="tc02_signUp_emptyMobile_shouldReturn400Or422" time="0.314"/>
  <testcase classname="com.gamepe.tests.SignUpTest" name="tc03_signUp_shortMobile_shouldReturn400Or422" time="0.35"/>
  <testcase classname="com.gamepe.tests.SignUpTest" name="tc04_signUp_alphaInMobile_shouldReturn400Or422" time="0.391">
    <failure type="java.lang.AssertionError" message="1 expectation failed.
Expected status code (is &amp;lt;400&amp;gt; or is &amp;lt;422&amp;gt;) but was &amp;lt;200&amp;gt;.
">
      <![CDATA[java.lang.AssertionError: 1 expectation failed.
Expected status code (is <400> or is <422>) but was <200>.

at org.codehaus.groovy.runtime.callsite.ConstructorSite$ConstructorSiteNoUnwrapNoCoerce.callConstructor(ConstructorSite.java:108)
at org.codehaus.groovy.runtime.callsite.CallSiteArray.defaultCallConstructor(CallSiteArray.java:57)
at org.codehaus.groovy.runtime.callsite.AbstractCallSite.callConstructor(AbstractCallSite.java:263)
at org.codehaus.groovy.runtime.callsite.AbstractCallSite.callConstructor(AbstractCallSite.java:277)
at io.restassured.internal.ResponseSpecificationImpl$HamcrestAssertionClosure.validate(ResponseSpecificationImpl.groovy:512)
at io.restassured.internal.ResponseSpecificationImpl$HamcrestAssertionClosure$validate$1.call(Unknown Source)
at io.restassured.internal.ResponseSpecificationImpl.validateResponseIfRequired(ResponseSpecificationImpl.groovy:696)
at io.restassured.internal.ResponseSpecificationImpl.this$2$validateResponseIfRequired(ResponseSpecificationImpl.groovy)
at org.codehaus.groovy.runtime.callsite.PlainObjectMetaMethodSite.doInvoke(PlainObjectMetaMethodSite.java:43)
at org.codehaus.groovy.runtime.callsite.PogoMetaMethodSite$PogoCachedMethodSiteNoUnwrapNoCoerce.invoke(PogoMetaMethodSite.java:198)
at org.codehaus.groovy.runtime.callsite.PogoMetaMethodSite.callCurrent(PogoMetaMethodSite.java:62)
at org.codehaus.groovy.runtime.callsite.AbstractCallSite.callCurrent(AbstractCallSite.java:185)
at io.restassured.internal.ResponseSpecificationImpl.statusCode(ResponseSpecificationImpl.groovy:135)
at io.restassured.internal.ValidatableResponseOptionsImpl.statusCode(ValidatableResponseOptionsImpl.java:84)
at com.gamepe.tests.SignUpTest.tc04_signUp_alphaInMobile_shouldReturn400Or422(SignUpTest.java:137)
at java.base/java.util.ArrayList.forEach(ArrayList.java:1511)
... Removed 41 stack frames]]>
    </failure>
  </testcase> <!-- tc04_signUp_alphaInMobile_shouldReturn400Or422 -->
  <testcase classname="com.gamepe.tests.SignUpTest" name="tc05_signUp_emptyBody_shouldReturn400Or422" time="0.445"/>
</testsuite> <!-- Sign Up Tests -->
