<?xml version="1.0" encoding="UTF-8"?>
<!-- Generated by org.testng.reporters.JUnitXMLReporter -->
<testsuite ignored="0" hostname="Arun" failures="1" tests="5" name="Verify OTP Tests" time="1.728" errors="0" timestamp="2026-06-23T12:00:10 IST">
  <testcase classname="com.gamepe.tests.VerifyOtpTest" name="tc01_verifyOtp_correctOtp_shouldReturn200" time="0.665"/>
  <testcase classname="com.gamepe.tests.VerifyOtpTest" name="tc02_verifyOtp_wrongOtp_shouldNotReturn200" time="0.271"/>
  <testcase classname="com.gamepe.tests.VerifyOtpTest" name="tc03_verifyOtp_nonNumericOtp_shouldReturn400Or422" time="0.238"/>
  <testcase classname="com.gamepe.tests.VerifyOtpTest" name="tc04_verifyOtp_emptyOtp_shouldReturn400Or422" time="0.278"/>
  <testcase classname="com.gamepe.tests.VerifyOtpTest" name="tc05_verifyOtp_emptyBody_shouldReturn400Or422" time="0.217">
    <failure type="java.lang.AssertionError" message="1 expectation failed.
Expected status code (is &amp;lt;400&amp;gt; or is &amp;lt;422&amp;gt;) but was &amp;lt;405&amp;gt;.
">
      <![CDATA[java.lang.AssertionError: 1 expectation failed.
Expected status code (is <400> or is <422>) but was <405>.

at org.codehaus.groovy.runtime.callsite.ConstructorSite$ConstructorSiteNoUnwrapNoCoerce.callConstructor(ConstructorSite.java:108)
at org.codehaus.groovy.runtime.callsite.AbstractCallSite.callConstructor(AbstractCallSite.java:277)
at io.restassured.internal.ResponseSpecificationImpl$HamcrestAssertionClosure.validate(ResponseSpecificationImpl.groovy:512)
at io.restassured.internal.ResponseSpecificationImpl$HamcrestAssertionClosure$validate$1.call(Unknown Source)
at io.restassured.internal.ResponseSpecificationImpl.validateResponseIfRequired(ResponseSpecificationImpl.groovy:696)
at io.restassured.internal.ResponseSpecificationImpl.this$2$validateResponseIfRequired(ResponseSpecificationImpl.groovy)
at org.codehaus.groovy.runtime.callsite.PlainObjectMetaMethodSite.doInvoke(PlainObjectMetaMethodSite.java:43)
at org.codehaus.groovy.runtime.callsite.PogoMetaMethodSite$PogoCachedMethodSiteNoUnwrapNoCoerce.invoke(PogoMetaMethodSite.java:198)
at org.codehaus.groovy.runtime.callsite.PogoMetaMethodSite.callCurrent(PogoMetaMethodSite.java:62)
at org.codehaus.groovy.runtime.callsite.AbstractCallSite.callCurrent(AbstractCallSite.java:185)
at io.restassured.internal.ResponseSpecificationImpl.statusCode(ResponseSpecificationImpl.groovy:135)
at io.restassured.internal.ValidatableResponseOptionsImpl.statusCode(ValidatableResponseOptionsImpl.java:84)
at com.gamepe.tests.VerifyOtpTest.tc05_verifyOtp_emptyBody_shouldReturn400Or422(VerifyOtpTest.java:256)
at java.base/java.util.ArrayList.forEach(ArrayList.java:1511)
... Removed 40 stack frames]]>
    </failure>
  </testcase> <!-- tc05_verifyOtp_emptyBody_shouldReturn400Or422 -->
</testsuite> <!-- Verify OTP Tests -->
