<?xml version="1.0" encoding="UTF-8"?>
<testng-results ignored="0" total="16" passed="14" failed="2" skipped="0">
  <reporter-output>
  </reporter-output>
  <suite started-at="2026-06-23T11:59:59 IST" name="GamePe Auth API Test Suite" finished-at="2026-06-23T12:00:11 IST" duration-ms="12117">
    <groups>
    </groups>
    <test started-at="2026-06-23T11:59:59 IST" name="Sign Up Tests" finished-at="2026-06-23T12:00:07 IST" duration-ms="8354">
      <class name="com.gamepe.tests.SignUpTest">
        <test-method is-config="true" signature="setUp()[pri:0, instance:com.gamepe.tests.SignUpTest@25d93198]" started-at="2026-06-23T11:59:59 IST" name="setUp" finished-at="2026-06-23T12:00:01 IST" duration-ms="1847" status="PASS">
          <reporter-output>
          </reporter-output>
        </test-method> <!-- setUp -->
        <test-method is-config="true" signature="beforeEachTest(java.lang.reflect.Method)[pri:0, instance:com.gamepe.tests.SignUpTest@25d93198]" started-at="2026-06-23T12:00:01 IST" name="beforeEachTest" finished-at="2026-06-23T12:00:01 IST" duration-ms="8" status="PASS">
          <params>
            <param index="0">
              <value>
                <![CDATA[public void com.gamepe.tests.SignUpTest.tc01_signUp_validMobile_shouldReturn200Or201()]]>
              </value>
            </param>
          </params>
          <reporter-output>
          </reporter-output>
        </test-method> <!-- beforeEachTest -->
        <test-method signature="tc01_signUp_validMobile_shouldReturn200Or201()[pri:1, instance:com.gamepe.tests.SignUpTest@25d93198]" started-at="2026-06-23T12:00:01 IST" name="tc01_signUp_validMobile_shouldReturn200Or201" finished-at="2026-06-23T12:00:06 IST" duration-ms="4603" status="PASS">
          <reporter-output>
          </reporter-output>
        </test-method> <!-- tc01_signUp_validMobile_shouldReturn200Or201 -->
        <test-method is-config="true" signature="afterEachTest(org.testng.ITestResult)[pri:0, instance:com.gamepe.tests.SignUpTest@25d93198]" started-at="2026-06-23T12:00:06 IST" name="afterEachTest" finished-at="2026-06-23T12:00:06 IST" duration-ms="4" status="PASS">
          <params>
            <param index="0">
              <value>
                <![CDATA[[TestResult name=tc01_signUp_validMobile_shouldReturn200Or201 status=SUCCESS method=SignUpTest.tc01_signUp_validMobile_shouldReturn200Or201()[pri:1, instance:com.gamepe.tests.SignUpTest@25d93198] output={null}]]]>
              </value>
            </param>
          </params>
          <reporter-output>
          </reporter-output>
        </test-method> <!-- afterEachTest -->
        <test-method is-config="true" signature="beforeEachTest(java.lang.reflect.Method)[pri:0, instance:com.gamepe.tests.SignUpTest@25d93198]" started-at="2026-06-23T12:00:06 IST" name="beforeEachTest" finished-at="2026-06-23T12:00:06 IST" duration-ms="3" status="PASS">
          <params>
            <param index="0">
              <value>
                <![CDATA[public void com.gamepe.tests.SignUpTest.tc02_signUp_emptyMobile_shouldReturn400Or422()]]>
              </value>
            </param>
          </params>
          <reporter-output>
          </reporter-output>
        </test-method> <!-- beforeEachTest -->
        <test-method signature="tc02_signUp_emptyMobile_shouldReturn400Or422()[pri:2, instance:com.gamepe.tests.SignUpTest@25d93198]" started-at="2026-06-23T12:00:06 IST" name="tc02_signUp_emptyMobile_shouldReturn400Or422" finished-at="2026-06-23T12:00:06 IST" duration-ms="314" status="PASS">
          <reporter-output>
          </reporter-output>
        </test-method> <!-- tc02_signUp_emptyMobile_shouldReturn400Or422 -->
        <test-method signature="tc03_signUp_shortMobile_shouldReturn400Or422()[pri:3, instance:com.gamepe.tests.SignUpTest@25d93198]" started-at="2026-06-23T12:00:06 IST" name="tc03_signUp_shortMobile_shouldReturn400Or422" finished-at="2026-06-23T12:00:07 IST" duration-ms="350" status="PASS">
          <reporter-output>
          </reporter-output>
        </test-method> <!-- tc03_signUp_shortMobile_shouldReturn400Or422 -->
        <test-method is-config="true" signature="beforeEachTest(java.lang.reflect.Method)[pri:0, instance:com.gamepe.tests.SignUpTest@25d93198]" started-at="2026-06-23T12:00:06 IST" name="beforeEachTest" finished-at="2026-06-23T12:00:06 IST" duration-ms="0" status="PASS">
          <params>
            <param index="0">
              <value>
                <![CDATA[public void com.gamepe.tests.SignUpTest.tc03_signUp_shortMobile_shouldReturn400Or422()]]>
              </value>
            </param>
          </params>
          <reporter-output>
          </reporter-output>
        </test-method> <!-- beforeEachTest -->
        <test-method is-config="true" signature="afterEachTest(org.testng.ITestResult)[pri:0, instance:com.gamepe.tests.SignUpTest@25d93198]" started-at="2026-06-23T12:00:06 IST" name="afterEachTest" finished-at="2026-06-23T12:00:06 IST" duration-ms="0" status="PASS">
          <params>
            <param index="0">
              <value>
                <![CDATA[[TestResult name=tc02_signUp_emptyMobile_shouldReturn400Or422 status=SUCCESS method=SignUpTest.tc02_signUp_emptyMobile_shouldReturn400Or422()[pri:2, instance:com.gamepe.tests.SignUpTest@25d93198] output={null}]]]>
              </value>
            </param>
          </params>
          <reporter-output>
          </reporter-output>
        </test-method> <!-- afterEachTest -->
        <test-method is-config="true" signature="afterEachTest(org.testng.ITestResult)[pri:0, instance:com.gamepe.tests.SignUpTest@25d93198]" started-at="2026-06-23T12:00:07 IST" name="afterEachTest" finished-at="2026-06-23T12:00:07 IST" duration-ms="3" status="PASS">
          <params>
            <param index="0">
              <value>
                <![CDATA[[TestResult name=tc03_signUp_shortMobile_shouldReturn400Or422 status=SUCCESS method=SignUpTest.tc03_signUp_shortMobile_shouldReturn400Or422()[pri:3, instance:com.gamepe.tests.SignUpTest@25d93198] output={null}]]]>
              </value>
            </param>
          </params>
          <reporter-output>
          </reporter-output>
        </test-method> <!-- afterEachTest -->
        <test-method is-config="true" signature="beforeEachTest(java.lang.reflect.Method)[pri:0, instance:com.gamepe.tests.SignUpTest@25d93198]" started-at="2026-06-23T12:00:07 IST" name="beforeEachTest" finished-at="2026-06-23T12:00:07 IST" duration-ms="3" status="PASS">
          <params>
            <param index="0">
              <value>
                <![CDATA[public void com.gamepe.tests.SignUpTest.tc04_signUp_alphaInMobile_shouldReturn400Or422()]]>
              </value>
            </param>
          </params>
          <reporter-output>
          </reporter-output>
        </test-method> <!-- beforeEachTest -->
        <test-method signature="tc04_signUp_alphaInMobile_shouldReturn400Or422()[pri:4, instance:com.gamepe.tests.SignUpTest@25d93198]" started-at="2026-06-23T12:00:07 IST" name="tc04_signUp_alphaInMobile_shouldReturn400Or422" finished-at="2026-06-23T12:00:07 IST" duration-ms="391" status="FAIL">
          <exception class="java.lang.AssertionError">
            <message>
              <![CDATA[1 expectation failed.
Expected status code (is <400> or is <422>) but was <200>.
]]>
            </message>
            <full-stacktrace>
              <![CDATA[java.lang.AssertionError: 1 expectation failed.
Expected status code (is <400> or is <422>) but was <200>.

at java.base/jdk.internal.reflect.NativeConstructorAccessorImpl.newInstance0(Native Method)
at java.base/jdk.internal.reflect.NativeConstructorAccessorImpl.newInstance(NativeConstructorAccessorImpl.java:77)
at java.base/jdk.internal.reflect.DelegatingConstructorAccessorImpl.newInstance(DelegatingConstructorAccessorImpl.java:45)
at java.base/java.lang.reflect.Constructor.newInstanceWithCaller(Constructor.java:500)
at java.base/java.lang.reflect.Constructor.newInstance(Constructor.java:481)
at org.codehaus.groovy.reflection.CachedConstructor.invoke(CachedConstructor.java:73)
at org.codehaus.groovy.runtime.callsite.ConstructorSite$ConstructorSiteNoUnwrapNoCoerce.callConstructor(ConstructorSite.java:108)
at org.codehaus.groovy.runtime.callsite.CallSiteArray.defaultCallConstructor(CallSiteArray.java:57)
at org.codehaus.groovy.runtime.callsite.AbstractCallSite.callConstructor(AbstractCallSite.java:263)
at org.codehaus.groovy.runtime.callsite.AbstractCallSite.callConstructor(AbstractCallSite.java:277)
at io.restassured.internal.ResponseSpecificationImpl$HamcrestAssertionClosure.validate(ResponseSpecificationImpl.groovy:512)
at io.restassured.internal.ResponseSpecificationImpl$HamcrestAssertionClosure$validate$1.call(Unknown Source)
at io.restassured.internal.ResponseSpecificationImpl.validateResponseIfRequired(ResponseSpecificationImpl.groovy:696)
at io.restassured.internal.ResponseSpecificationImpl.this$2$validateResponseIfRequired(ResponseSpecificationImpl.groovy)
at java.base/jdk.internal.reflect.NativeMethodAccessorImpl.invoke0(Native Method)
at java.base/jdk.internal.reflect.NativeMethodAccessorImpl.invoke(NativeMethodAccessorImpl.java:77)
at java.base/jdk.internal.reflect.DelegatingMethodAccessorImpl.invoke(DelegatingMethodAccessorImpl.java:43)
at java.base/java.lang.reflect.Method.invoke(Method.java:569)
at org.codehaus.groovy.runtime.callsite.PlainObjectMetaMethodSite.doInvoke(PlainObjectMetaMethodSite.java:43)
at org.codehaus.groovy.runtime.callsite.PogoMetaMethodSite$PogoCachedMethodSiteNoUnwrapNoCoerce.invoke(PogoMetaMethodSite.java:198)
at org.codehaus.groovy.runtime.callsite.PogoMetaMethodSite.callCurrent(PogoMetaMethodSite.java:62)
at org.codehaus.groovy.runtime.callsite.AbstractCallSite.callCurrent(AbstractCallSite.java:185)
at io.restassured.internal.ResponseSpecificationImpl.statusCode(ResponseSpecificationImpl.groovy:135)
at io.restassured.internal.ValidatableResponseOptionsImpl.statusCode(ValidatableResponseOptionsImpl.java:84)
at com.gamepe.tests.SignUpTest.tc04_signUp_alphaInMobile_shouldReturn400Or422(SignUpTest.java:137)
at java.base/jdk.internal.reflect.NativeMethodAccessorImpl.invoke0(Native Method)
at java.base/jdk.internal.reflect.NativeMethodAccessorImpl.invoke(NativeMethodAccessorImpl.java:77)
at java.base/jdk.internal.reflect.DelegatingMethodAccessorImpl.invoke(DelegatingMethodAccessorImpl.java:43)
at java.base/java.lang.reflect.Method.invoke(Method.java:569)
at org.testng.internal.invokers.MethodInvocationHelper.invokeMethod(MethodInvocationHelper.java:139)
at org.testng.internal.invokers.TestInvoker.invokeMethod(TestInvoker.java:664)
at org.testng.internal.invokers.TestInvoker.invokeTestMethod(TestInvoker.java:228)
at org.testng.internal.invokers.MethodRunner.runInSequence(MethodRunner.java:63)
at org.testng.internal.invokers.TestInvoker$MethodInvocationAgent.invoke(TestInvoker.java:961)
at org.testng.internal.invokers.TestInvoker.invokeTestMethods(TestInvoker.java:201)
at org.testng.internal.invokers.TestMethodWorker.invokeTestMethods(TestMethodWorker.java:148)
at org.testng.internal.invokers.TestMethodWorker.run(TestMethodWorker.java:128)
at java.base/java.util.ArrayList.forEach(ArrayList.java:1511)
at org.testng.TestRunner.privateRun(TestRunner.java:819)
at org.testng.TestRunner.run(TestRunner.java:619)
at org.testng.SuiteRunner.runTest(SuiteRunner.java:443)
at org.testng.SuiteRunner.runSequentially(SuiteRunner.java:437)
at org.testng.SuiteRunner.privateRun(SuiteRunner.java:397)
at org.testng.SuiteRunner.run(SuiteRunner.java:336)
at org.testng.SuiteRunnerWorker.runSuite(SuiteRunnerWorker.java:52)
at org.testng.SuiteRunnerWorker.run(SuiteRunnerWorker.java:95)
at org.testng.TestNG.runSuitesSequentially(TestNG.java:1301)
at org.testng.TestNG.runSuitesLocally(TestNG.java:1228)
at org.testng.TestNG.runSuites(TestNG.java:1134)
at org.testng.TestNG.run(TestNG.java:1101)
at org.apache.maven.surefire.testng.TestNGExecutor.run(TestNGExecutor.java:308)
at org.apache.maven.surefire.testng.TestNGXmlTestSuite.execute(TestNGXmlTestSuite.java:71)
at org.apache.maven.surefire.testng.TestNGProvider.invoke(TestNGProvider.java:113)
at org.apache.maven.surefire.booter.ForkedBooter.runSuitesInProcess(ForkedBooter.java:385)
at org.apache.maven.surefire.booter.ForkedBooter.execute(ForkedBooter.java:162)
at org.apache.maven.surefire.booter.ForkedBooter.run(ForkedBooter.java:507)
at org.apache.maven.surefire.booter.ForkedBooter.main(ForkedBooter.java:495)
]]>
            </full-stacktrace>
          </exception> <!-- java.lang.AssertionError -->
          <reporter-output>
          </reporter-output>
        </test-method> <!-- tc04_signUp_alphaInMobile_shouldReturn400Or422 -->
        <test-method is-config="true" signature="afterEachTest(org.testng.ITestResult)[pri:0, instance:com.gamepe.tests.SignUpTest@25d93198]" started-at="2026-06-23T12:00:07 IST" name="afterEachTest" finished-at="2026-06-23T12:00:07 IST" duration-ms="3" status="PASS">
          <params>
            <param index="0">
              <value>
                <![CDATA[[TestResult name=tc04_signUp_alphaInMobile_shouldReturn400Or422 status=FAILURE method=SignUpTest.tc04_signUp_alphaInMobile_shouldReturn400Or422()[pri:4, instance:com.gamepe.tests.SignUpTest@25d93198] output={null}]]]>
              </value>
            </param>
          </params>
          <reporter-output>
          </reporter-output>
        </test-method> <!-- afterEachTest -->
        <test-method is-config="true" signature="beforeEachTest(java.lang.reflect.Method)[pri:0, instance:com.gamepe.tests.SignUpTest@25d93198]" started-at="2026-06-23T12:00:07 IST" name="beforeEachTest" finished-at="2026-06-23T12:00:07 IST" duration-ms="5" status="PASS">
          <params>
            <param index="0">
              <value>
                <![CDATA[public void com.gamepe.tests.SignUpTest.tc05_signUp_emptyBody_shouldReturn400Or422()]]>
              </value>
            </param>
          </params>
          <reporter-output>
          </reporter-output>
        </test-method> <!-- beforeEachTest -->
        <test-method signature="tc05_signUp_emptyBody_shouldReturn400Or422()[pri:5, instance:com.gamepe.tests.SignUpTest@25d93198]" started-at="2026-06-23T12:00:07 IST" name="tc05_signUp_emptyBody_shouldReturn400Or422" finished-at="2026-06-23T12:00:07 IST" duration-ms="445" status="PASS">
          <reporter-output>
          </reporter-output>
        </test-method> <!-- tc05_signUp_emptyBody_shouldReturn400Or422 -->
        <test-method is-config="true" signature="afterEachTest(org.testng.ITestResult)[pri:0, instance:com.gamepe.tests.SignUpTest@25d93198]" started-at="2026-06-23T12:00:07 IST" name="afterEachTest" finished-at="2026-06-23T12:00:07 IST" duration-ms="0" status="PASS">
          <params>
            <param index="0">
              <value>
                <![CDATA[[TestResult name=tc05_signUp_emptyBody_shouldReturn400Or422 status=SUCCESS method=SignUpTest.tc05_signUp_emptyBody_shouldReturn400Or422()[pri:5, instance:com.gamepe.tests.SignUpTest@25d93198] output={null}]]]>
              </value>
            </param>
          </params>
          <reporter-output>
          </reporter-output>
        </test-method> <!-- afterEachTest -->
      </class> <!-- com.gamepe.tests.SignUpTest -->
    </test> <!-- Sign Up Tests -->
    <test started-at="2026-06-23T12:00:08 IST" name="Send OTP Tests" finished-at="2026-06-23T12:00:09 IST" duration-ms="1077">
      <class name="com.gamepe.tests.SendOtpTest">
        <test-method signature="tc01_sendOtp_validMobile_shouldReturn200()[pri:1, instance:com.gamepe.tests.SendOtpTest@6d1dcdff]" started-at="2026-06-23T12:00:08 IST" name="tc01_sendOtp_validMobile_shouldReturn200" finished-at="2026-06-23T12:00:08 IST" duration-ms="437" status="PASS">
          <reporter-output>
          </reporter-output>
        </test-method> <!-- tc01_sendOtp_validMobile_shouldReturn200 -->
        <test-method is-config="true" signature="setUp()[pri:0, instance:com.gamepe.tests.SendOtpTest@6d1dcdff]" started-at="2026-06-23T12:00:08 IST" name="setUp" finished-at="2026-06-23T12:00:08 IST" duration-ms="0" status="PASS">
          <reporter-output>
          </reporter-output>
        </test-method> <!-- setUp -->
        <test-method is-config="true" signature="beforeEachTest(java.lang.reflect.Method)[pri:0, instance:com.gamepe.tests.SendOtpTest@6d1dcdff]" started-at="2026-06-23T12:00:08 IST" name="beforeEachTest" finished-at="2026-06-23T12:00:08 IST" duration-ms="0" status="PASS">
          <params>
            <param index="0">
              <value>
                <![CDATA[public void com.gamepe.tests.SendOtpTest.tc01_sendOtp_validMobile_shouldReturn200()]]>
              </value>
            </param>
          </params>
          <reporter-output>
          </reporter-output>
        </test-method> <!-- beforeEachTest -->
        <test-method is-config="true" signature="afterEachTest(org.testng.ITestResult)[pri:0, instance:com.gamepe.tests.SendOtpTest@6d1dcdff]" started-at="2026-06-23T12:00:08 IST" name="afterEachTest" finished-at="2026-06-23T12:00:08 IST" duration-ms="1" status="PASS">
          <params>
            <param index="0">
              <value>
                <![CDATA[[TestResult name=tc01_sendOtp_validMobile_shouldReturn200 status=SUCCESS method=SendOtpTest.tc01_sendOtp_validMobile_shouldReturn200()[pri:1, instance:com.gamepe.tests.SendOtpTest@6d1dcdff] output={null}]]]>
              </value>
            </param>
          </params>
          <reporter-output>
          </reporter-output>
        </test-method> <!-- afterEachTest -->
        <test-method is-config="true" signature="beforeEachTest(java.lang.reflect.Method)[pri:0, instance:com.gamepe.tests.SendOtpTest@6d1dcdff]" started-at="2026-06-23T12:00:08 IST" name="beforeEachTest" finished-at="2026-06-23T12:00:08 IST" duration-ms="2" status="PASS">
          <params>
            <param index="0">
              <value>
                <![CDATA[public void com.gamepe.tests.SendOtpTest.tc02_sendOtp_unregisteredMobile_shouldReturn400Or404()]]>
              </value>
            </param>
          </params>
          <reporter-output>
          </reporter-output>
        </test-method> <!-- beforeEachTest -->
        <test-method signature="tc02_sendOtp_unregisteredMobile_shouldReturn400Or404()[pri:2, instance:com.gamepe.tests.SendOtpTest@6d1dcdff]" started-at="2026-06-23T12:00:08 IST" name="tc02_sendOtp_unregisteredMobile_shouldReturn400Or404" finished-at="2026-06-23T12:00:08 IST" duration-ms="298" status="PASS">
          <reporter-output>
          </reporter-output>
        </test-method> <!-- tc02_sendOtp_unregisteredMobile_shouldReturn400Or404 -->
        <test-method is-config="true" signature="afterEachTest(org.testng.ITestResult)[pri:0, instance:com.gamepe.tests.SendOtpTest@6d1dcdff]" started-at="2026-06-23T12:00:08 IST" name="afterEachTest" finished-at="2026-06-23T12:00:08 IST" duration-ms="2" status="PASS">
          <params>
            <param index="0">
              <value>
                <![CDATA[[TestResult name=tc02_sendOtp_unregisteredMobile_shouldReturn400Or404 status=SUCCESS method=SendOtpTest.tc02_sendOtp_unregisteredMobile_shouldReturn400Or404()[pri:2, instance:com.gamepe.tests.SendOtpTest@6d1dcdff] output={null}]]]>
              </value>
            </param>
          </params>
          <reporter-output>
          </reporter-output>
        </test-method> <!-- afterEachTest -->
        <test-method signature="tc03_sendOtp_emptyMobile_shouldReturn400Or422()[pri:3, instance:com.gamepe.tests.SendOtpTest@6d1dcdff]" started-at="2026-06-23T12:00:08 IST" name="tc03_sendOtp_emptyMobile_shouldReturn400Or422" finished-at="2026-06-23T12:00:09 IST" duration-ms="307" status="PASS">
          <reporter-output>
          </reporter-output>
        </test-method> <!-- tc03_sendOtp_emptyMobile_shouldReturn400Or422 -->
        <test-method is-config="true" signature="beforeEachTest(java.lang.reflect.Method)[pri:0, instance:com.gamepe.tests.SendOtpTest@6d1dcdff]" started-at="2026-06-23T12:00:08 IST" name="beforeEachTest" finished-at="2026-06-23T12:00:08 IST" duration-ms="0" status="PASS">
          <params>
            <param index="0">
              <value>
                <![CDATA[public void com.gamepe.tests.SendOtpTest.tc03_sendOtp_emptyMobile_shouldReturn400Or422()]]>
              </value>
            </param>
          </params>
          <reporter-output>
          </reporter-output>
        </test-method> <!-- beforeEachTest -->
        <test-method is-config="true" signature="afterEachTest(org.testng.ITestResult)[pri:0, instance:com.gamepe.tests.SendOtpTest@6d1dcdff]" started-at="2026-06-23T12:00:09 IST" name="afterEachTest" finished-at="2026-06-23T12:00:09 IST" duration-ms="0" status="PASS">
          <params>
            <param index="0">
              <value>
                <![CDATA[[TestResult name=tc03_sendOtp_emptyMobile_shouldReturn400Or422 status=SUCCESS method=SendOtpTest.tc03_sendOtp_emptyMobile_shouldReturn400Or422()[pri:3, instance:com.gamepe.tests.SendOtpTest@6d1dcdff] output={null}]]]>
              </value>
            </param>
          </params>
          <reporter-output>
          </reporter-output>
        </test-method> <!-- afterEachTest -->
      </class> <!-- com.gamepe.tests.SendOtpTest -->
    </test> <!-- Send OTP Tests -->
    <test started-at="2026-06-23T12:00:09 IST" name="Verify OTP Tests" finished-at="2026-06-23T12:00:10 IST" duration-ms="1728">
      <class name="com.gamepe.tests.VerifyOtpTest">
        <test-method is-config="true" signature="setUp()[pri:0, instance:com.gamepe.tests.VerifyOtpTest@3804a9a8]" started-at="2026-06-23T12:00:09 IST" name="setUp" finished-at="2026-06-23T12:00:09 IST" duration-ms="5" status="PASS">
          <reporter-output>
          </reporter-output>
        </test-method> <!-- setUp -->
        <test-method is-config="true" signature="beforeEachTest(java.lang.reflect.Method)[pri:0, instance:com.gamepe.tests.VerifyOtpTest@3804a9a8]" started-at="2026-06-23T12:00:09 IST" name="beforeEachTest" finished-at="2026-06-23T12:00:09 IST" duration-ms="1" status="PASS">
          <params>
            <param index="0">
              <value>
                <![CDATA[public void com.gamepe.tests.VerifyOtpTest.tc01_verifyOtp_correctOtp_shouldReturn200()]]>
              </value>
            </param>
          </params>
          <reporter-output>
          </reporter-output>
        </test-method> <!-- beforeEachTest -->
        <test-method signature="tc01_verifyOtp_correctOtp_shouldReturn200()[pri:1, instance:com.gamepe.tests.VerifyOtpTest@3804a9a8]" started-at="2026-06-23T12:00:09 IST" name="tc01_verifyOtp_correctOtp_shouldReturn200" finished-at="2026-06-23T12:00:09 IST" duration-ms="665" status="PASS">
          <reporter-output>
          </reporter-output>
        </test-method> <!-- tc01_verifyOtp_correctOtp_shouldReturn200 -->
        <test-method is-config="true" signature="afterEachTest(org.testng.ITestResult)[pri:0, instance:com.gamepe.tests.VerifyOtpTest@3804a9a8]" started-at="2026-06-23T12:00:09 IST" name="afterEachTest" finished-at="2026-06-23T12:00:09 IST" duration-ms="0" status="PASS">
          <params>
            <param index="0">
              <value>
                <![CDATA[[TestResult name=tc01_verifyOtp_correctOtp_shouldReturn200 status=SUCCESS method=VerifyOtpTest.tc01_verifyOtp_correctOtp_shouldReturn200()[pri:1, instance:com.gamepe.tests.VerifyOtpTest@3804a9a8] output={null}]]]>
              </value>
            </param>
          </params>
          <reporter-output>
          </reporter-output>
        </test-method> <!-- afterEachTest -->
        <test-method signature="tc02_verifyOtp_wrongOtp_shouldNotReturn200()[pri:2, instance:com.gamepe.tests.VerifyOtpTest@3804a9a8]" started-at="2026-06-23T12:00:09 IST" name="tc02_verifyOtp_wrongOtp_shouldNotReturn200" finished-at="2026-06-23T12:00:10 IST" duration-ms="271" status="PASS">
          <reporter-output>
          </reporter-output>
        </test-method> <!-- tc02_verifyOtp_wrongOtp_shouldNotReturn200 -->
        <test-method is-config="true" signature="beforeEachTest(java.lang.reflect.Method)[pri:0, instance:com.gamepe.tests.VerifyOtpTest@3804a9a8]" started-at="2026-06-23T12:00:09 IST" name="beforeEachTest" finished-at="2026-06-23T12:00:09 IST" duration-ms="0" status="PASS">
          <params>
            <param index="0">
              <value>
                <![CDATA[public void com.gamepe.tests.VerifyOtpTest.tc02_verifyOtp_wrongOtp_shouldNotReturn200()]]>
              </value>
            </param>
          </params>
          <reporter-output>
          </reporter-output>
        </test-method> <!-- beforeEachTest -->
        <test-method is-config="true" signature="afterEachTest(org.testng.ITestResult)[pri:0, instance:com.gamepe.tests.VerifyOtpTest@3804a9a8]" started-at="2026-06-23T12:00:10 IST" name="afterEachTest" finished-at="2026-06-23T12:00:10 IST" duration-ms="4" status="PASS">
          <params>
            <param index="0">
              <value>
                <![CDATA[[TestResult name=tc02_verifyOtp_wrongOtp_shouldNotReturn200 status=SUCCESS method=VerifyOtpTest.tc02_verifyOtp_wrongOtp_shouldNotReturn200()[pri:2, instance:com.gamepe.tests.VerifyOtpTest@3804a9a8] output={null}]]]>
              </value>
            </param>
          </params>
          <reporter-output>
          </reporter-output>
        </test-method> <!-- afterEachTest -->
        <test-method signature="tc03_verifyOtp_nonNumericOtp_shouldReturn400Or422()[pri:3, instance:com.gamepe.tests.VerifyOtpTest@3804a9a8]" started-at="2026-06-23T12:00:10 IST" name="tc03_verifyOtp_nonNumericOtp_shouldReturn400Or422" finished-at="2026-06-23T12:00:10 IST" duration-ms="238" status="PASS">
          <reporter-output>
          </reporter-output>
        </test-method> <!-- tc03_verifyOtp_nonNumericOtp_shouldReturn400Or422 -->
        <test-method is-config="true" signature="beforeEachTest(java.lang.reflect.Method)[pri:0, instance:com.gamepe.tests.VerifyOtpTest@3804a9a8]" started-at="2026-06-23T12:00:10 IST" name="beforeEachTest" finished-at="2026-06-23T12:00:10 IST" duration-ms="0" status="PASS">
          <params>
            <param index="0">
              <value>
                <![CDATA[public void com.gamepe.tests.VerifyOtpTest.tc03_verifyOtp_nonNumericOtp_shouldReturn400Or422()]]>
              </value>
            </param>
          </params>
          <reporter-output>
          </reporter-output>
        </test-method> <!-- beforeEachTest -->
        <test-method is-config="true" signature="afterEachTest(org.testng.ITestResult)[pri:0, instance:com.gamepe.tests.VerifyOtpTest@3804a9a8]" started-at="2026-06-23T12:00:10 IST" name="afterEachTest" finished-at="2026-06-23T12:00:10 IST" duration-ms="0" status="PASS">
          <params>
            <param index="0">
              <value>
                <![CDATA[[TestResult name=tc03_verifyOtp_nonNumericOtp_shouldReturn400Or422 status=SUCCESS method=VerifyOtpTest.tc03_verifyOtp_nonNumericOtp_shouldReturn400Or422()[pri:3, instance:com.gamepe.tests.VerifyOtpTest@3804a9a8] output={null}]]]>
              </value>
            </param>
          </params>
          <reporter-output>
          </reporter-output>
        </test-method> <!-- afterEachTest -->
        <test-method signature="tc04_verifyOtp_emptyOtp_shouldReturn400Or422()[pri:4, instance:com.gamepe.tests.VerifyOtpTest@3804a9a8]" started-at="2026-06-23T12:00:10 IST" name="tc04_verifyOtp_emptyOtp_shouldReturn400Or422" finished-at="2026-06-23T12:00:10 IST" duration-ms="278" status="PASS">
          <reporter-output>
          </reporter-output>
        </test-method> <!-- tc04_verifyOtp_emptyOtp_shouldReturn400Or422 -->
        <test-method is-config="true" signature="beforeEachTest(java.lang.reflect.Method)[pri:0, instance:com.gamepe.tests.VerifyOtpTest@3804a9a8]" started-at="2026-06-23T12:00:10 IST" name="beforeEachTest" finished-at="2026-06-23T12:00:10 IST" duration-ms="0" status="PASS">
          <params>
            <param index="0">
              <value>
                <![CDATA[public void com.gamepe.tests.VerifyOtpTest.tc04_verifyOtp_emptyOtp_shouldReturn400Or422()]]>
              </value>
            </param>
          </params>
          <reporter-output>
          </reporter-output>
        </test-method> <!-- beforeEachTest -->
        <test-method is-config="true" signature="afterEachTest(org.testng.ITestResult)[pri:0, instance:com.gamepe.tests.VerifyOtpTest@3804a9a8]" started-at="2026-06-23T12:00:10 IST" name="afterEachTest" finished-at="2026-06-23T12:00:10 IST" duration-ms="1" status="PASS">
          <params>
            <param index="0">
              <value>
                <![CDATA[[TestResult name=tc04_verifyOtp_emptyOtp_shouldReturn400Or422 status=SUCCESS method=VerifyOtpTest.tc04_verifyOtp_emptyOtp_shouldReturn400Or422()[pri:4, instance:com.gamepe.tests.VerifyOtpTest@3804a9a8] output={null}]]]>
              </value>
            </param>
          </params>
          <reporter-output>
          </reporter-output>
        </test-method> <!-- afterEachTest -->
        <test-method is-config="true" signature="beforeEachTest(java.lang.reflect.Method)[pri:0, instance:com.gamepe.tests.VerifyOtpTest@3804a9a8]" started-at="2026-06-23T12:00:10 IST" name="beforeEachTest" finished-at="2026-06-23T12:00:10 IST" duration-ms="1" status="PASS">
          <params>
            <param index="0">
              <value>
                <![CDATA[public void com.gamepe.tests.VerifyOtpTest.tc05_verifyOtp_emptyBody_shouldReturn400Or422()]]>
              </value>
            </param>
          </params>
          <reporter-output>
          </reporter-output>
        </test-method> <!-- beforeEachTest -->
        <test-method signature="tc05_verifyOtp_emptyBody_shouldReturn400Or422()[pri:5, instance:com.gamepe.tests.VerifyOtpTest@3804a9a8]" started-at="2026-06-23T12:00:10 IST" name="tc05_verifyOtp_emptyBody_shouldReturn400Or422" finished-at="2026-06-23T12:00:10 IST" duration-ms="217" status="FAIL">
          <exception class="java.lang.AssertionError">
            <message>
              <![CDATA[1 expectation failed.
Expected status code (is <400> or is <422>) but was <405>.
]]>
            </message>
            <full-stacktrace>
              <![CDATA[java.lang.AssertionError: 1 expectation failed.
Expected status code (is <400> or is <422>) but was <405>.

at java.base/jdk.internal.reflect.NativeConstructorAccessorImpl.newInstance0(Native Method)
at java.base/jdk.internal.reflect.NativeConstructorAccessorImpl.newInstance(NativeConstructorAccessorImpl.java:77)
at java.base/jdk.internal.reflect.DelegatingConstructorAccessorImpl.newInstance(DelegatingConstructorAccessorImpl.java:45)
at java.base/java.lang.reflect.Constructor.newInstanceWithCaller(Constructor.java:500)
at java.base/java.lang.reflect.Constructor.newInstance(Constructor.java:481)
at org.codehaus.groovy.reflection.CachedConstructor.invoke(CachedConstructor.java:73)
at org.codehaus.groovy.runtime.callsite.ConstructorSite$ConstructorSiteNoUnwrapNoCoerce.callConstructor(ConstructorSite.java:108)
at org.codehaus.groovy.runtime.callsite.AbstractCallSite.callConstructor(AbstractCallSite.java:277)
at io.restassured.internal.ResponseSpecificationImpl$HamcrestAssertionClosure.validate(ResponseSpecificationImpl.groovy:512)
at io.restassured.internal.ResponseSpecificationImpl$HamcrestAssertionClosure$validate$1.call(Unknown Source)
at io.restassured.internal.ResponseSpecificationImpl.validateResponseIfRequired(ResponseSpecificationImpl.groovy:696)
at io.restassured.internal.ResponseSpecificationImpl.this$2$validateResponseIfRequired(ResponseSpecificationImpl.groovy)
at jdk.internal.reflect.GeneratedMethodAccessor102.invoke(Unknown Source)
at java.base/jdk.internal.reflect.DelegatingMethodAccessorImpl.invoke(DelegatingMethodAccessorImpl.java:43)
at java.base/java.lang.reflect.Method.invoke(Method.java:569)
at org.codehaus.groovy.runtime.callsite.PlainObjectMetaMethodSite.doInvoke(PlainObjectMetaMethodSite.java:43)
at org.codehaus.groovy.runtime.callsite.PogoMetaMethodSite$PogoCachedMethodSiteNoUnwrapNoCoerce.invoke(PogoMetaMethodSite.java:198)
at org.codehaus.groovy.runtime.callsite.PogoMetaMethodSite.callCurrent(PogoMetaMethodSite.java:62)
at org.codehaus.groovy.runtime.callsite.AbstractCallSite.callCurrent(AbstractCallSite.java:185)
at io.restassured.internal.ResponseSpecificationImpl.statusCode(ResponseSpecificationImpl.groovy:135)
at io.restassured.internal.ValidatableResponseOptionsImpl.statusCode(ValidatableResponseOptionsImpl.java:84)
at com.gamepe.tests.VerifyOtpTest.tc05_verifyOtp_emptyBody_shouldReturn400Or422(VerifyOtpTest.java:256)
at java.base/jdk.internal.reflect.NativeMethodAccessorImpl.invoke0(Native Method)
at java.base/jdk.internal.reflect.NativeMethodAccessorImpl.invoke(NativeMethodAccessorImpl.java:77)
at java.base/jdk.internal.reflect.DelegatingMethodAccessorImpl.invoke(DelegatingMethodAccessorImpl.java:43)
at java.base/java.lang.reflect.Method.invoke(Method.java:569)
at org.testng.internal.invokers.MethodInvocationHelper.invokeMethod(MethodInvocationHelper.java:139)
at org.testng.internal.invokers.TestInvoker.invokeMethod(TestInvoker.java:664)
at org.testng.internal.invokers.TestInvoker.invokeTestMethod(TestInvoker.java:228)
at org.testng.internal.invokers.MethodRunner.runInSequence(MethodRunner.java:63)
at org.testng.internal.invokers.TestInvoker$MethodInvocationAgent.invoke(TestInvoker.java:961)
at org.testng.internal.invokers.TestInvoker.invokeTestMethods(TestInvoker.java:201)
at org.testng.internal.invokers.TestMethodWorker.invokeTestMethods(TestMethodWorker.java:148)
at org.testng.internal.invokers.TestMethodWorker.run(TestMethodWorker.java:128)
at java.base/java.util.ArrayList.forEach(ArrayList.java:1511)
at org.testng.TestRunner.privateRun(TestRunner.java:819)
at org.testng.TestRunner.run(TestRunner.java:619)
at org.testng.SuiteRunner.runTest(SuiteRunner.java:443)
at org.testng.SuiteRunner.runSequentially(SuiteRunner.java:437)
at org.testng.SuiteRunner.privateRun(SuiteRunner.java:397)
at org.testng.SuiteRunner.run(SuiteRunner.java:336)
at org.testng.SuiteRunnerWorker.runSuite(SuiteRunnerWorker.java:52)
at org.testng.SuiteRunnerWorker.run(SuiteRunnerWorker.java:95)
at org.testng.TestNG.runSuitesSequentially(TestNG.java:1301)
at org.testng.TestNG.runSuitesLocally(TestNG.java:1228)
at org.testng.TestNG.runSuites(TestNG.java:1134)
at org.testng.TestNG.run(TestNG.java:1101)
at org.apache.maven.surefire.testng.TestNGExecutor.run(TestNGExecutor.java:308)
at org.apache.maven.surefire.testng.TestNGXmlTestSuite.execute(TestNGXmlTestSuite.java:71)
at org.apache.maven.surefire.testng.TestNGProvider.invoke(TestNGProvider.java:113)
at org.apache.maven.surefire.booter.ForkedBooter.runSuitesInProcess(ForkedBooter.java:385)
at org.apache.maven.surefire.booter.ForkedBooter.execute(ForkedBooter.java:162)
at org.apache.maven.surefire.booter.ForkedBooter.run(ForkedBooter.java:507)
at org.apache.maven.surefire.booter.ForkedBooter.main(ForkedBooter.java:495)
]]>
            </full-stacktrace>
          </exception> <!-- java.lang.AssertionError -->
          <reporter-output>
          </reporter-output>
        </test-method> <!-- tc05_verifyOtp_emptyBody_shouldReturn400Or422 -->
        <test-method is-config="true" signature="afterEachTest(org.testng.ITestResult)[pri:0, instance:com.gamepe.tests.VerifyOtpTest@3804a9a8]" started-at="2026-06-23T12:00:10 IST" name="afterEachTest" finished-at="2026-06-23T12:00:10 IST" duration-ms="0" status="PASS">
          <params>
            <param index="0">
              <value>
                <![CDATA[[TestResult name=tc05_verifyOtp_emptyBody_shouldReturn400Or422 status=FAILURE method=VerifyOtpTest.tc05_verifyOtp_emptyBody_shouldReturn400Or422()[pri:5, instance:com.gamepe.tests.VerifyOtpTest@3804a9a8] output={null}]]]>
              </value>
            </param>
          </params>
          <reporter-output>
          </reporter-output>
        </test-method> <!-- afterEachTest -->
      </class> <!-- com.gamepe.tests.VerifyOtpTest -->
    </test> <!-- Verify OTP Tests -->
    <test started-at="2026-06-23T12:00:10 IST" name="Resend OTP Tests" finished-at="2026-06-23T12:00:11 IST" duration-ms="879">
      <class name="com.gamepe.tests.ResendOtpTest">
        <test-method is-config="true" signature="setUp()[pri:0, instance:com.gamepe.tests.ResendOtpTest@22a6e998]" started-at="2026-06-23T12:00:10 IST" name="setUp" finished-at="2026-06-23T12:00:10 IST" duration-ms="4" status="PASS">
          <reporter-output>
          </reporter-output>
        </test-method> <!-- setUp -->
        <test-method is-config="true" signature="beforeEachTest(java.lang.reflect.Method)[pri:0, instance:com.gamepe.tests.ResendOtpTest@22a6e998]" started-at="2026-06-23T12:00:10 IST" name="beforeEachTest" finished-at="2026-06-23T12:00:10 IST" duration-ms="0" status="PASS">
          <params>
            <param index="0">
              <value>
                <![CDATA[public void com.gamepe.tests.ResendOtpTest.tc01_resendOtp_validMobile_shouldReturn200Or429()]]>
              </value>
            </param>
          </params>
          <reporter-output>
          </reporter-output>
        </test-method> <!-- beforeEachTest -->
        <test-method signature="tc01_resendOtp_validMobile_shouldReturn200Or429()[pri:1, instance:com.gamepe.tests.ResendOtpTest@22a6e998]" started-at="2026-06-23T12:00:10 IST" name="tc01_resendOtp_validMobile_shouldReturn200Or429" finished-at="2026-06-23T12:00:11 IST" duration-ms="319" status="PASS">
          <reporter-output>
          </reporter-output>
        </test-method> <!-- tc01_resendOtp_validMobile_shouldReturn200Or429 -->
        <test-method is-config="true" signature="afterEachTest(org.testng.ITestResult)[pri:0, instance:com.gamepe.tests.ResendOtpTest@22a6e998]" started-at="2026-06-23T12:00:11 IST" name="afterEachTest" finished-at="2026-06-23T12:00:11 IST" duration-ms="0" status="PASS">
          <params>
            <param index="0">
              <value>
                <![CDATA[[TestResult name=tc01_resendOtp_validMobile_shouldReturn200Or429 status=SUCCESS method=ResendOtpTest.tc01_resendOtp_validMobile_shouldReturn200Or429()[pri:1, instance:com.gamepe.tests.ResendOtpTest@22a6e998] output={null}]]]>
              </value>
            </param>
          </params>
          <reporter-output>
          </reporter-output>
        </test-method> <!-- afterEachTest -->
        <test-method signature="tc02_resendOtp_unregisteredMobile_shouldReturn400Or404()[pri:2, instance:com.gamepe.tests.ResendOtpTest@22a6e998]" started-at="2026-06-23T12:00:11 IST" name="tc02_resendOtp_unregisteredMobile_shouldReturn400Or404" finished-at="2026-06-23T12:00:11 IST" duration-ms="256" status="PASS">
          <reporter-output>
          </reporter-output>
        </test-method> <!-- tc02_resendOtp_unregisteredMobile_shouldReturn400Or404 -->
        <test-method is-config="true" signature="beforeEachTest(java.lang.reflect.Method)[pri:0, instance:com.gamepe.tests.ResendOtpTest@22a6e998]" started-at="2026-06-23T12:00:11 IST" name="beforeEachTest" finished-at="2026-06-23T12:00:11 IST" duration-ms="0" status="PASS">
          <params>
            <param index="0">
              <value>
                <![CDATA[public void com.gamepe.tests.ResendOtpTest.tc02_resendOtp_unregisteredMobile_shouldReturn400Or404()]]>
              </value>
            </param>
          </params>
          <reporter-output>
          </reporter-output>
        </test-method> <!-- beforeEachTest -->
        <test-method is-config="true" signature="afterEachTest(org.testng.ITestResult)[pri:0, instance:com.gamepe.tests.ResendOtpTest@22a6e998]" started-at="2026-06-23T12:00:11 IST" name="afterEachTest" finished-at="2026-06-23T12:00:11 IST" duration-ms="2" status="PASS">
          <params>
            <param index="0">
              <value>
                <![CDATA[[TestResult name=tc02_resendOtp_unregisteredMobile_shouldReturn400Or404 status=SUCCESS method=ResendOtpTest.tc02_resendOtp_unregisteredMobile_shouldReturn400Or404()[pri:2, instance:com.gamepe.tests.ResendOtpTest@22a6e998] output={null}]]]>
              </value>
            </param>
          </params>
          <reporter-output>
          </reporter-output>
        </test-method> <!-- afterEachTest -->
        <test-method signature="tc03_resendOtp_emptyMobile_shouldReturn400Or422()[pri:3, instance:com.gamepe.tests.ResendOtpTest@22a6e998]" started-at="2026-06-23T12:00:11 IST" name="tc03_resendOtp_emptyMobile_shouldReturn400Or422" finished-at="2026-06-23T12:00:11 IST" duration-ms="263" status="PASS">
          <reporter-output>
          </reporter-output>
        </test-method> <!-- tc03_resendOtp_emptyMobile_shouldReturn400Or422 -->
        <test-method is-config="true" signature="beforeEachTest(java.lang.reflect.Method)[pri:0, instance:com.gamepe.tests.ResendOtpTest@22a6e998]" started-at="2026-06-23T12:00:11 IST" name="beforeEachTest" finished-at="2026-06-23T12:00:11 IST" duration-ms="0" status="PASS">
          <params>
            <param index="0">
              <value>
                <![CDATA[public void com.gamepe.tests.ResendOtpTest.tc03_resendOtp_emptyMobile_shouldReturn400Or422()]]>
              </value>
            </param>
          </params>
          <reporter-output>
          </reporter-output>
        </test-method> <!-- beforeEachTest -->
        <test-method is-config="true" signature="afterEachTest(org.testng.ITestResult)[pri:0, instance:com.gamepe.tests.ResendOtpTest@22a6e998]" started-at="2026-06-23T12:00:11 IST" name="afterEachTest" finished-at="2026-06-23T12:00:11 IST" duration-ms="0" status="PASS">
          <params>
            <param index="0">
              <value>
                <![CDATA[[TestResult name=tc03_resendOtp_emptyMobile_shouldReturn400Or422 status=SUCCESS method=ResendOtpTest.tc03_resendOtp_emptyMobile_shouldReturn400Or422()[pri:3, instance:com.gamepe.tests.ResendOtpTest@22a6e998] output={null}]]]>
              </value>
            </param>
          </params>
          <reporter-output>
          </reporter-output>
        </test-method> <!-- afterEachTest -->
        <test-method is-config="true" signature="tearDown()[pri:0, instance:com.gamepe.tests.ResendOtpTest@22a6e998]" started-at="2026-06-23T12:00:11 IST" name="tearDown" finished-at="2026-06-23T12:00:11 IST" duration-ms="0" status="PASS">
          <reporter-output>
          </reporter-output>
        </test-method> <!-- tearDown -->
      </class> <!-- com.gamepe.tests.ResendOtpTest -->
    </test> <!-- Resend OTP Tests -->
  </suite> <!-- GamePe Auth API Test Suite -->
</testng-results>
