<?xml version="1.0" encoding="UTF-8"?>
<testsuite xmlns:xsi="http://www.w3.org/2001/XMLSchema-instance" xsi:noNamespaceSchemaLocation="https://maven.apache.org/surefire/maven-surefire-plugin/xsd/surefire-test-report-3.0.xsd" version="3.0" name="com.gamepe.tests.VerifyOtpTest" time="16.939" tests="5" errors="0" skipped="0" failures="2">
  <properties>
[...]
</properties>
  <testcase name="tc01_verifyOtp_correctOtp_shouldReturn200" classname="com.gamepe.tests.VerifyOtpTest" time="7.589">
    <failure message="1 expectation failed.&#10;Expected status code &lt;200&gt; but was &lt;400&gt;.&#10;" type="java.lang.AssertionError"><![CDATA[java.lang.AssertionError: 
1 expectation failed.
Expected status code <200> but was <400>.

	at java.base/jdk.internal.reflect.NativeConstructorAccessorImpl.newInstance0(Native Method)
	at java.base/jdk.internal.reflect.NativeConstructorAccessorImpl.newInstance(NativeConstructorAccessorImpl.java:77)
	at java.base/jdk.internal.reflect.DelegatingConstructorAccessorImpl.newInstance(DelegatingConstructorAccessorImpl.java:45)
	at java.base/java.lang.reflect.Constructor.newInstanceWithCaller(Constructor.java:500)
	at java.base/java.lang.reflect.Constructor.newInstance(Constructor.java:481)
	at org.codehaus.groovy.reflection.CachedConstructor.invoke(CachedConstructor.java:73)
	at org.codehaus.groovy.runtime.callsite.ConstructorSite$ConstructorSiteNoUnwrapNoCoerce.callConstructor(ConstructorSite.java:108)
	at org.codehaus.groovy.runtime.callsite.CallSiteArray.defaultCallConstructor(CallSiteArray.java:57)
	at org.codehaus.groovy.runtime.callsite.AbstractCallSite.callConstructor(AbstractCallSite.java:263)
	at org.codehaus.groovy.runtime.callsite.AbstractCallSite.callConstructor(AbstractCallSite.java:277)
	at io.restassured.internal.ResponseSpecificationImpl$HamcrestAssertionClosure.validate(ResponseSpecificationImpl.groovy:512)
	at io.restassured.internal.ResponseSpecificationImpl$HamcrestAssertionClosure$validate$1.call(Unknown Source)
	at org.codehaus.groovy.runtime.callsite.CallSiteArray.defaultCall(CallSiteArray.java:45)
	at org.codehaus.groovy.runtime.callsite.AbstractCallSite.call(AbstractCallSite.java:125)
	at org.codehaus.groovy.runtime.callsite.AbstractCallSite.call(AbstractCallSite.java:139)
	at io.restassured.internal.ResponseSpecificationImpl.validateResponseIfRequired(ResponseSpecificationImpl.groovy:696)
	at io.restassured.internal.ResponseSpecificationImpl.this$2$validateResponseIfRequired(ResponseSpecificationImpl.groovy)
	at java.base/jdk.internal.reflect.NativeMethodAccessorImpl.invoke0(Native Method)
	at java.base/jdk.internal.reflect.NativeMethodAccessorImpl.invoke(NativeMethodAccessorImpl.java:77)
	at java.base/jdk.internal.reflect.DelegatingMethodAccessorImpl.invoke(DelegatingMethodAccessorImpl.java:43)
	at java.base/java.lang.reflect.Method.invoke(Method.java:569)
	at org.codehaus.groovy.runtime.callsite.PlainObjectMetaMethodSite.doInvoke(PlainObjectMetaMethodSite.java:43)
	at org.codehaus.groovy.runtime.callsite.PogoMetaMethodSite$PogoCachedMethodSiteNoUnwrapNoCoerce.invoke(PogoMetaMethodSite.java:198)
	at org.codehaus.groovy.runtime.callsite.PogoMetaMethodSite.callCurrent(PogoMetaMethodSite.java:62)
	at org.codehaus.groovy.runtime.callsite.CallSiteArray.defaultCallCurrent(CallSiteArray.java:49)
	at org.codehaus.groovy.runtime.callsite.AbstractCallSite.callCurrent(AbstractCallSite.java:171)
	at org.codehaus.groovy.runtime.callsite.AbstractCallSite.callCurrent(AbstractCallSite.java:185)
	at io.restassured.internal.ResponseSpecificationImpl.statusCode(ResponseSpecificationImpl.groovy:135)
	at io.restassured.specification.ResponseSpecification$statusCode$1.callCurrent(Unknown Source)
	at org.codehaus.groovy.runtime.callsite.CallSiteArray.defaultCallCurrent(CallSiteArray.java:49)
	at org.codehaus.groovy.runtime.callsite.AbstractCallSite.callCurrent(AbstractCallSite.java:171)
	at org.codehaus.groovy.runtime.callsite.AbstractCallSite.callCurrent(AbstractCallSite.java:185)
	at io.restassured.internal.ResponseSpecificationImpl.statusCode(ResponseSpecificationImpl.groovy:143)
	at io.restassured.internal.ValidatableResponseOptionsImpl.statusCode(ValidatableResponseOptionsImpl.java:89)
	at com.gamepe.tests.VerifyOtpTest.tc01_verifyOtp_correctOtp_shouldReturn200(VerifyOtpTest.java:48)
	at java.base/jdk.internal.reflect.NativeMethodAccessorImpl.invoke0(Native Method)
	at java.base/jdk.internal.reflect.NativeMethodAccessorImpl.invoke(NativeMethodAccessorImpl.java:77)
	at java.base/jdk.internal.reflect.DelegatingMethodAccessorImpl.invoke(DelegatingMethodAccessorImpl.java:43)
	at java.base/java.lang.reflect.Method.invoke(Method.java:569)
	at org.testng.internal.invokers.MethodInvocationHelper.invokeMethod(MethodInvocationHelper.java:139)
	at org.testng.internal.invokers.TestInvoker.invokeMethod(TestInvoker.java:664)
	at org.testng.internal.invokers.TestInvoker.invokeTestMethod(TestInvoker.java:228)
	at org.testng.internal.invokers.MethodRunner.runInSequence(MethodRunner.java:63)
	at org.testng.internal.invokers.TestInvoker$MethodInvocationAgent.invoke(TestInvoker.java:961)
	at org.testng.internal.invokers.TestInvoker.invokeTestMethods(TestInvoker.java:201)
	at org.testng.internal.invokers.TestMethodWorker.invokeTestMethods(TestMethodWorker.java:148)
	at org.testng.internal.invokers.TestMethodWorker.run(TestMethodWorker.java:128)
	at java.base/java.util.ArrayList.forEach(ArrayList.java:1511)
	at org.testng.TestRunner.privateRun(TestRunner.java:819)
	at org.testng.TestRunner.run(TestRunner.java:619)
	at org.testng.SuiteRunner.runTest(SuiteRunner.java:443)
	at org.testng.SuiteRunner.runSequentially(SuiteRunner.java:437)
	at org.testng.SuiteRunner.privateRun(SuiteRunner.java:397)
	at org.testng.SuiteRunner.run(SuiteRunner.java:336)
	at org.testng.SuiteRunnerWorker.runSuite(SuiteRunnerWorker.java:52)
	at org.testng.SuiteRunnerWorker.run(SuiteRunnerWorker.java:95)
	at org.testng.TestNG.runSuitesSequentially(TestNG.java:1301)
	at org.testng.TestNG.runSuitesLocally(TestNG.java:1228)
	at org.testng.TestNG.runSuites(TestNG.java:1134)
	at org.testng.TestNG.run(TestNG.java:1101)
	at org.apache.maven.surefire.testng.TestNGExecutor.run(TestNGExecutor.java:155)
	at org.apache.maven.surefire.testng.TestNGDirectoryTestSuite.executeSingleClass(TestNGDirectoryTestSuite.java:102)
	at org.apache.maven.surefire.testng.TestNGDirectoryTestSuite.execute(TestNGDirectoryTestSuite.java:91)
	at org.apache.maven.surefire.testng.TestNGProvider.invoke(TestNGProvider.java:137)
	at org.apache.maven.surefire.booter.ForkedBooter.runSuitesInProcess(ForkedBooter.java:385)
	at org.apache.maven.surefire.booter.ForkedBooter.execute(ForkedBooter.java:162)
	at org.apache.maven.surefire.booter.ForkedBooter.run(ForkedBooter.java:507)
	at org.apache.maven.surefire.booter.ForkedBooter.main(ForkedBooter.java:495)
]]></failure>
    <system-out><![CDATA[11:37:29.966 &amp#27;[34mINFO &amp#27;[0;39m &amp#27;[36m[main]&amp#27;[0;39m &amp#27;[33mc.g.base.BaseTest&amp#27;[0;39m - ????????????????????????????????????????????????????
11:37:29.971 &amp#27;[34mINFO &amp#27;[0;39m &amp#27;[36m[main]&amp#27;[0;39m &amp#27;[33mc.g.base.BaseTest&amp#27;[0;39m - ?      GamePe Auth API Test Suite - STARTING       ?
11:37:29.971 &amp#27;[34mINFO &amp#27;[0;39m &amp#27;[36m[main]&amp#27;[0;39m &amp#27;[33mc.g.base.BaseTest&amp#27;[0;39m - ????????????????????????????????????????????????????
11:37:29.972 &amp#27;[34mINFO &amp#27;[0;39m &amp#27;[36m[main]&amp#27;[0;39m &amp#27;[33mc.g.base.BaseTest&amp#27;[0;39m - ? Base URL    : https://pre-prod-gamepe-backend-auth-core-apis-36251886398.asia-south1.run.app
11:37:29.976 &amp#27;[34mINFO &amp#27;[0;39m &amp#27;[36m[main]&amp#27;[0;39m &amp#27;[33mc.g.base.BaseTest&amp#27;[0;39m - ? Mobile No.  : 9876543210
11:37:29.976 &amp#27;[34mINFO &amp#27;[0;39m &amp#27;[36m[main]&amp#27;[0;39m &amp#27;[33mc.g.base.BaseTest&amp#27;[0;39m - ? Correct OTP : 0000
11:37:29.976 &amp#27;[34mINFO &amp#27;[0;39m &amp#27;[36m[main]&amp#27;[0;39m &amp#27;[33mc.g.base.BaseTest&amp#27;[0;39m - ? Wrong OTP   : 1234
11:37:29.976 &amp#27;[34mINFO &amp#27;[0;39m &amp#27;[36m[main]&amp#27;[0;39m &amp#27;[33mc.g.base.BaseTest&amp#27;[0;39m - ??????????????????????????????????????????????????
11:37:33.016 &amp#27;[34mINFO &amp#27;[0;39m &amp#27;[36m[main]&amp#27;[0;39m &amp#27;[33mc.g.base.BaseTest&amp#27;[0;39m - ? RestAssured initialized successfully
11:37:33.091 &amp#27;[34mINFO &amp#27;[0;39m &amp#27;[36m[main]&amp#27;[0;39m &amp#27;[33mc.g.base.BaseTest&amp#27;[0;39m - ????????????????????????????????????????????????
11:37:33.093 &amp#27;[34mINFO &amp#27;[0;39m &amp#27;[36m[main]&amp#27;[0;39m &amp#27;[33mc.g.base.BaseTest&amp#27;[0;39m - ?  TEST START  : tc01_verifyOtp_correctOtp_shouldReturn200
11:37:33.095 &amp#27;[34mINFO &amp#27;[0;39m &amp#27;[36m[main]&amp#27;[0;39m &amp#27;[33mc.g.base.BaseTest&amp#27;[0;39m - ????????????????????????????????????????????????
11:37:33.582 &amp#27;[34mINFO &amp#27;[0;39m &amp#27;[36m[main]&amp#27;[0;39m &amp#27;[33mc.g.t.VerifyOtpTest&amp#27;[0;39m - ? Sending OTP to mobile: 9876543210
11:37:33.583 &amp#27;[39mDEBUG&amp#27;[0;39m &amp#27;[36m[main]&amp#27;[0;39m &amp#27;[33mc.g.t.VerifyOtpTest&amp#27;[0;39m - ? REQUEST
11:37:33.584 &amp#27;[39mDEBUG&amp#27;[0;39m &amp#27;[36m[main]&amp#27;[0;39m &amp#27;[33mc.g.t.VerifyOtpTest&amp#27;[0;39m -    Method : POST
11:37:33.584 &amp#27;[39mDEBUG&amp#27;[0;39m &amp#27;[36m[main]&amp#27;[0;39m &amp#27;[33mc.g.t.VerifyOtpTest&amp#27;[0;39m -    URL    : https://pre-prod-gamepe-backend-auth-core-apis-36251886398.asia-south1.run.app/auth/otp/send
11:37:33.585 &amp#27;[39mDEBUG&amp#27;[0;39m &amp#27;[36m[main]&amp#27;[0;39m &amp#27;[33mc.g.t.VerifyOtpTest&amp#27;[0;39m -    Body   : {player_id=11254690, device_id=30685769ebafdd1a, web_login=, mobile_number=9876543210, otp_hash=}
Request method:	POST
Request URI:	https://pre-prod-gamepe-backend-auth-core-apis-36251886398.asia-south1.run.app/auth/otp/send
Proxy:			<none>
Request params:	<none>
Query params:	<none>
Form params:	<none>
Path params:	<none>
Headers:		Accept=application/json, application/javascript, text/javascript, text/json
				Content-Type=application/json
Cookies:		<none>
Multiparts:		<none>
Body:
{
    "player_id": "11254690",
    "device_id": "30685769ebafdd1a",
    "web_login": "",
    "mobile_number": "9876543210",
    "otp_hash": ""
}
HTTP/1.1 200 OK
access-control-allow-origin: *
content-security-policy: default-src 'self';base-uri 'self';font-src 'self' https: data:;form-action 'self';frame-ancestors 'self';img-src 'self' data:;object-src 'none';script-src 'self';script-src-attr 'none';style-src 'self' https: 'unsafe-inline';upgrade-insecure-requests
cross-origin-opener-policy: same-origin
cross-origin-resource-policy: same-origin
origin-agent-cluster: ?1
referrer-policy: no-referrer
strict-transport-security: max-age=31536000; includeSubDomains
x-content-type-options: nosniff
x-dns-prefetch-control: off
x-download-options: noopen
x-frame-options: SAMEORIGIN
x-permitted-cross-domain-policies: none
x-xss-protection: 0
content-type: application/json; charset=utf-8
etag: W/"3d-QHxyxo1E/+FcKir3WRe2IRfkxp4"
vary: Accept-Encoding
x-cloud-trace-context: b7f64c271be417d5d74c63dfed091dff;o=1
date: Tue, 23 Jun 2026 06:07:38 GMT
server: Google Frontend
Content-Length: 61
Alt-Svc: h3=":443"; ma=2592000,h3-29=":443"; ma=2592000

{
    "success": true,
    "message": "OTP sent successfully.",
    "data": {
        
    }
}
11:37:39.310 &amp#27;[39mDEBUG&amp#27;[0;39m &amp#27;[36m[main]&amp#27;[0;39m &amp#27;[33mc.g.t.VerifyOtpTest&amp#27;[0;39m - ? RESPONSE
11:37:39.311 &amp#27;[39mDEBUG&amp#27;[0;39m &amp#27;[36m[main]&amp#27;[0;39m &amp#27;[33mc.g.t.VerifyOtpTest&amp#27;[0;39m -    Status  : 200
11:37:39.312 &amp#27;[39mDEBUG&amp#27;[0;39m &amp#27;[36m[main]&amp#27;[0;39m &amp#27;[33mc.g.t.VerifyOtpTest&amp#27;[0;39m -    Time    : 2407 ms
11:37:39.312 &amp#27;[39mDEBUG&amp#27;[0;39m &amp#27;[36m[main]&amp#27;[0;39m &amp#27;[33mc.g.t.VerifyOtpTest&amp#27;[0;39m -    Body    : {"success":true,"message":"OTP sent successfully.","data":{}}
11:37:39.312 &amp#27;[34mINFO &amp#27;[0;39m &amp#27;[36m[main]&amp#27;[0;39m &amp#27;[33mc.g.t.VerifyOtpTest&amp#27;[0;39m - ? Verifying OTP for mobile: 9876543210
11:37:39.313 &amp#27;[39mDEBUG&amp#27;[0;39m &amp#27;[36m[main]&amp#27;[0;39m &amp#27;[33mc.g.t.VerifyOtpTest&amp#27;[0;39m - ? REQUEST
11:37:39.313 &amp#27;[39mDEBUG&amp#27;[0;39m &amp#27;[36m[main]&amp#27;[0;39m &amp#27;[33mc.g.t.VerifyOtpTest&amp#27;[0;39m -    Method : POST
11:37:39.313 &amp#27;[39mDEBUG&amp#27;[0;39m &amp#27;[36m[main]&amp#27;[0;39m &amp#27;[33mc.g.t.VerifyOtpTest&amp#27;[0;39m -    URL    : https://pre-prod-gamepe-backend-auth-core-apis-36251886398.asia-south1.run.app/auth/otp/verify
11:37:39.314 &amp#27;[39mDEBUG&amp#27;[0;39m &amp#27;[36m[main]&amp#27;[0;39m &amp#27;[33mc.g.t.VerifyOtpTest&amp#27;[0;39m -    Body   : {player_id=11254690, device_id=30685769ebafdd1a, mobile_number=9876543210, client_otp=0000, app_id=2, workspaceID=workspace-123}
Request method:	POST
Request URI:	https://pre-prod-gamepe-backend-auth-core-apis-36251886398.asia-south1.run.app/auth/otp/verify
Proxy:			<none>
Request params:	<none>
Query params:	<none>
Form params:	<none>
Path params:	<none>
Headers:		Accept=application/json, application/javascript, text/javascript, text/json
				Content-Type=application/json
Cookies:		<none>
Multiparts:		<none>
Body:
{
    "player_id": "11254690",
    "device_id": "30685769ebafdd1a",
    "mobile_number": "9876543210",
    "client_otp": "0000",
    "app_id": 2,
    "workspaceID": "workspace-123"
}
HTTP/1.1 400 Bad Request
access-control-allow-origin: *
content-security-policy: default-src 'self';base-uri 'self';font-src 'self' https: data:;form-action 'self';frame-ancestors 'self';img-src 'self' data:;object-src 'none';script-src 'self';script-src-attr 'none';style-src 'self' https: 'unsafe-inline';upgrade-insecure-requests
cross-origin-opener-policy: same-origin
cross-origin-resource-policy: same-origin
origin-agent-cluster: ?1
referrer-policy: no-referrer
strict-transport-security: max-age=31536000; includeSubDomains
x-content-type-options: nosniff
x-dns-prefetch-control: off
x-download-options: noopen
x-frame-options: SAMEORIGIN
x-permitted-cross-domain-policies: none
x-xss-protection: 0
content-type: application/json; charset=utf-8
etag: W/"4f-uHz1DJxJZ4l2ZiAMb3HB4icfnlM"
vary: Accept-Encoding
x-cloud-trace-context: 2211933b8fba62bcb787f3ff13e959e8
date: Tue, 23 Jun 2026 06:07:39 GMT
server: Google Frontend
Content-Length: 79
Alt-Svc: h3=":443"; ma=2592000,h3-29=":443"; ma=2592000

{
    "success": false,
    "message": "Something went wrong. Please try again.",
    "data": {
        
    }
}
11:37:39.671 &amp#27;[39mDEBUG&amp#27;[0;39m &amp#27;[36m[main]&amp#27;[0;39m &amp#27;[33mc.g.t.VerifyOtpTest&amp#27;[0;39m - ? RESPONSE
11:37:39.671 &amp#27;[39mDEBUG&amp#27;[0;39m &amp#27;[36m[main]&amp#27;[0;39m &amp#27;[33mc.g.t.VerifyOtpTest&amp#27;[0;39m -    Status  : 400
11:37:39.671 &amp#27;[39mDEBUG&amp#27;[0;39m &amp#27;[36m[main]&amp#27;[0;39m &amp#27;[33mc.g.t.VerifyOtpTest&amp#27;[0;39m -    Time    : 313 ms
11:37:39.672 &amp#27;[39mDEBUG&amp#27;[0;39m &amp#27;[36m[main]&amp#27;[0;39m &amp#27;[33mc.g.t.VerifyOtpTest&amp#27;[0;39m -    Body    : {"success":false,"message":"Something went wrong. Please try again.","data":{}}
HTTP/1.1 400 Bad Request
access-control-allow-origin: *
content-security-policy: default-src 'self';base-uri 'self';font-src 'self' https: data:;form-action 'self';frame-ancestors 'self';img-src 'self' data:;object-src 'none';script-src 'self';script-src-attr 'none';style-src 'self' https: 'unsafe-inline';upgrade-insecure-requests
cross-origin-opener-policy: same-origin
cross-origin-resource-policy: same-origin
origin-agent-cluster: ?1
referrer-policy: no-referrer
strict-transport-security: max-age=31536000; includeSubDomains
x-content-type-options: nosniff
x-dns-prefetch-control: off
x-download-options: noopen
x-frame-options: SAMEORIGIN
x-permitted-cross-domain-policies: none
x-xss-protection: 0
content-type: application/json; charset=utf-8
etag: W/"4f-uHz1DJxJZ4l2ZiAMb3HB4icfnlM"
vary: Accept-Encoding
x-cloud-trace-context: 2211933b8fba62bcb787f3ff13e959e8
date: Tue, 23 Jun 2026 06:07:39 GMT
server: Google Frontend
Content-Length: 79
Alt-Svc: h3=":443"; ma=2592000,h3-29=":443"; ma=2592000

{
    "success": false,
    "message": "Something went wrong. Please try again.",
    "data": {
        
    }
}
HTTP/1.1 400 Bad Request
access-control-allow-origin: *
content-security-policy: default-src 'self';base-uri 'self';font-src 'self' https: data:;form-action 'self';frame-ancestors 'self';img-src 'self' data:;object-src 'none';script-src 'self';script-src-attr 'none';style-src 'self' https: 'unsafe-inline';upgrade-insecure-requests
cross-origin-opener-policy: same-origin
cross-origin-resource-policy: same-origin
origin-agent-cluster: ?1
referrer-policy: no-referrer
strict-transport-security: max-age=31536000; includeSubDomains
x-content-type-options: nosniff
x-dns-prefetch-control: off
x-download-options: noopen
x-frame-options: SAMEORIGIN
x-permitted-cross-domain-policies: none
x-xss-protection: 0
content-type: application/json; charset=utf-8
etag: W/"4f-uHz1DJxJZ4l2ZiAMb3HB4icfnlM"
vary: Accept-Encoding
x-cloud-trace-context: 2211933b8fba62bcb787f3ff13e959e8
date: Tue, 23 Jun 2026 06:07:39 GMT
server: Google Frontend
Content-Length: 79
Alt-Svc: h3=":443"; ma=2592000,h3-29=":443"; ma=2592000

{
    "success": false,
    "message": "Something went wrong. Please try again.",
    "data": {
        
    }
}
]]></system-out>
  </testcase>
  <testcase name="tc02_verifyOtp_wrongOtp_shouldNotReturn200" classname="com.gamepe.tests.VerifyOtpTest" time="0.434">
    <system-out><![CDATA[11:37:41.047 &amp#27;[1;31mERROR&amp#27;[0;39m &amp#27;[36m[main]&amp#27;[0;39m &amp#27;[33mc.g.base.BaseTest&amp#27;[0;39m - ? TEST FAILED  : tc01_verifyOtp_correctOtp_shouldReturn200
11:37:41.047 &amp#27;[1;31mERROR&amp#27;[0;39m &amp#27;[36m[main]&amp#27;[0;39m &amp#27;[33mc.g.base.BaseTest&amp#27;[0;39m -    Reason       : 1 expectation failed.
Expected status code <200> but was <400>.

11:37:41.048 &amp#27;[34mINFO &amp#27;[0;39m &amp#27;[36m[main]&amp#27;[0;39m &amp#27;[33mc.g.base.BaseTest&amp#27;[0;39m - ?????????????????????????????????????????????????
11:37:41.055 &amp#27;[34mINFO &amp#27;[0;39m &amp#27;[36m[main]&amp#27;[0;39m &amp#27;[33mc.g.base.BaseTest&amp#27;[0;39m - ????????????????????????????????????????????????
11:37:41.056 &amp#27;[34mINFO &amp#27;[0;39m &amp#27;[36m[main]&amp#27;[0;39m &amp#27;[33mc.g.base.BaseTest&amp#27;[0;39m - ?  TEST START  : tc02_verifyOtp_wrongOtp_shouldNotReturn200
11:37:41.056 &amp#27;[34mINFO &amp#27;[0;39m &amp#27;[36m[main]&amp#27;[0;39m &amp#27;[33mc.g.base.BaseTest&amp#27;[0;39m - ????????????????????????????????????????????????
11:37:41.062 &amp#27;[31mWARN &amp#27;[0;39m &amp#27;[36m[main]&amp#27;[0;39m &amp#27;[33mc.g.t.VerifyOtpTest&amp#27;[0;39m - ? SECURITY TEST: Verifying WRONG OTP '1234' — must NOT return 200!
11:37:41.062 &amp#27;[39mDEBUG&amp#27;[0;39m &amp#27;[36m[main]&amp#27;[0;39m &amp#27;[33mc.g.t.VerifyOtpTest&amp#27;[0;39m - ? REQUEST
11:37:41.062 &amp#27;[39mDEBUG&amp#27;[0;39m &amp#27;[36m[main]&amp#27;[0;39m &amp#27;[33mc.g.t.VerifyOtpTest&amp#27;[0;39m -    Method : POST
11:37:41.062 &amp#27;[39mDEBUG&amp#27;[0;39m &amp#27;[36m[main]&amp#27;[0;39m &amp#27;[33mc.g.t.VerifyOtpTest&amp#27;[0;39m -    URL    : https://pre-prod-gamepe-backend-auth-core-apis-36251886398.asia-south1.run.app/auth/otp/verify
11:37:41.062 &amp#27;[39mDEBUG&amp#27;[0;39m &amp#27;[36m[main]&amp#27;[0;39m &amp#27;[33mc.g.t.VerifyOtpTest&amp#27;[0;39m -    Body   : {player_id=11254690, device_id=30685769ebafdd1a, mobile_number=9876543210, client_otp=1234, app_id=2, workspaceID=workspace-123}
Request method:	POST
Request URI:	https://pre-prod-gamepe-backend-auth-core-apis-36251886398.asia-south1.run.app/auth/otp/verify
Proxy:			<none>
Request params:	<none>
Query params:	<none>
Form params:	<none>
Path params:	<none>
Headers:		Accept=application/json, application/javascript, text/javascript, text/json
				Content-Type=application/json
Cookies:		<none>
Multiparts:		<none>
Body:
{
    "player_id": "11254690",
    "device_id": "30685769ebafdd1a",
    "mobile_number": "9876543210",
    "client_otp": "1234",
    "app_id": 2,
    "workspaceID": "workspace-123"
}
HTTP/1.1 400 Bad Request
access-control-allow-origin: *
content-security-policy: default-src 'self';base-uri 'self';font-src 'self' https: data:;form-action 'self';frame-ancestors 'self';img-src 'self' data:;object-src 'none';script-src 'self';script-src-attr 'none';style-src 'self' https: 'unsafe-inline';upgrade-insecure-requests
cross-origin-opener-policy: same-origin
cross-origin-resource-policy: same-origin
origin-agent-cluster: ?1
referrer-policy: no-referrer
strict-transport-security: max-age=31536000; includeSubDomains
x-content-type-options: nosniff
x-dns-prefetch-control: off
x-download-options: noopen
x-frame-options: SAMEORIGIN
x-permitted-cross-domain-policies: none
x-xss-protection: 0
content-type: application/json; charset=utf-8
etag: W/"33-0J93KJoaCipfGnIWj2MhNqnZPZQ"
vary: Accept-Encoding
x-cloud-trace-context: 070ad020efa9d8d1a1a6543730d56614
date: Tue, 23 Jun 2026 06:07:41 GMT
server: Google Frontend
Content-Length: 51
Alt-Svc: h3=":443"; ma=2592000,h3-29=":443"; ma=2592000

{
    "success": false,
    "message": "OTP invalid",
    "data": {
        
    }
}
11:37:41.494 &amp#27;[39mDEBUG&amp#27;[0;39m &amp#27;[36m[main]&amp#27;[0;39m &amp#27;[33mc.g.t.VerifyOtpTest&amp#27;[0;39m - ? RESPONSE
11:37:41.495 &amp#27;[39mDEBUG&amp#27;[0;39m &amp#27;[36m[main]&amp#27;[0;39m &amp#27;[33mc.g.t.VerifyOtpTest&amp#27;[0;39m -    Status  : 400
11:37:41.495 &amp#27;[39mDEBUG&amp#27;[0;39m &amp#27;[36m[main]&amp#27;[0;39m &amp#27;[33mc.g.t.VerifyOtpTest&amp#27;[0;39m -    Time    : 324 ms
11:37:41.496 &amp#27;[39mDEBUG&amp#27;[0;39m &amp#27;[36m[main]&amp#27;[0;39m &amp#27;[33mc.g.t.VerifyOtpTest&amp#27;[0;39m -    Body    : {"success":false,"message":"OTP invalid","data":{}}
11:37:41.496 &amp#27;[34mINFO &amp#27;[0;39m &amp#27;[36m[main]&amp#27;[0;39m &amp#27;[33mc.g.t.VerifyOtpTest&amp#27;[0;39m - ? Wrong OTP correctly rejected with status: 400
]]></system-out>
  </testcase>
  <testcase name="tc03_verifyOtp_nonNumericOtp_shouldReturn400Or422" classname="com.gamepe.tests.VerifyOtpTest" time="0.44">
    <system-out><![CDATA[11:37:41.505 &amp#27;[34mINFO &amp#27;[0;39m &amp#27;[36m[main]&amp#27;[0;39m &amp#27;[33mc.g.base.BaseTest&amp#27;[0;39m - ? TEST PASSED  : tc02_verifyOtp_wrongOtp_shouldNotReturn200
11:37:41.505 &amp#27;[34mINFO &amp#27;[0;39m &amp#27;[36m[main]&amp#27;[0;39m &amp#27;[33mc.g.base.BaseTest&amp#27;[0;39m - ?????????????????????????????????????????????????
11:37:41.517 &amp#27;[34mINFO &amp#27;[0;39m &amp#27;[36m[main]&amp#27;[0;39m &amp#27;[33mc.g.base.BaseTest&amp#27;[0;39m - ????????????????????????????????????????????????
11:37:41.518 &amp#27;[34mINFO &amp#27;[0;39m &amp#27;[36m[main]&amp#27;[0;39m &amp#27;[33mc.g.base.BaseTest&amp#27;[0;39m - ?  TEST START  : tc03_verifyOtp_nonNumericOtp_shouldReturn400Or422
11:37:41.518 &amp#27;[34mINFO &amp#27;[0;39m &amp#27;[36m[main]&amp#27;[0;39m &amp#27;[33mc.g.base.BaseTest&amp#27;[0;39m - ????????????????????????????????????????????????
11:37:41.532 &amp#27;[31mWARN &amp#27;[0;39m &amp#27;[36m[main]&amp#27;[0;39m &amp#27;[33mc.g.t.VerifyOtpTest&amp#27;[0;39m - ??  Sending NON-NUMERIC OTP 'ABCD' — expecting 400/401/422
11:37:41.533 &amp#27;[39mDEBUG&amp#27;[0;39m &amp#27;[36m[main]&amp#27;[0;39m &amp#27;[33mc.g.t.VerifyOtpTest&amp#27;[0;39m - ? REQUEST
11:37:41.534 &amp#27;[39mDEBUG&amp#27;[0;39m &amp#27;[36m[main]&amp#27;[0;39m &amp#27;[33mc.g.t.VerifyOtpTest&amp#27;[0;39m -    Method : POST
11:37:41.534 &amp#27;[39mDEBUG&amp#27;[0;39m &amp#27;[36m[main]&amp#27;[0;39m &amp#27;[33mc.g.t.VerifyOtpTest&amp#27;[0;39m -    URL    : https://pre-prod-gamepe-backend-auth-core-apis-36251886398.asia-south1.run.app/auth/otp/verify
11:37:41.535 &amp#27;[39mDEBUG&amp#27;[0;39m &amp#27;[36m[main]&amp#27;[0;39m &amp#27;[33mc.g.t.VerifyOtpTest&amp#27;[0;39m -    Body   : {player_id=11254690, device_id=30685769ebafdd1a, mobile_number=9876543210, client_otp=ABCD, app_id=2, workspaceID=workspace-123}
Request method:	POST
Request URI:	https://pre-prod-gamepe-backend-auth-core-apis-36251886398.asia-south1.run.app/auth/otp/verify
Proxy:			<none>
Request params:	<none>
Query params:	<none>
Form params:	<none>
Path params:	<none>
Headers:		Accept=application/json, application/javascript, text/javascript, text/json
				Content-Type=application/json
Cookies:		<none>
Multiparts:		<none>
Body:
{
    "player_id": "11254690",
    "device_id": "30685769ebafdd1a",
    "mobile_number": "9876543210",
    "client_otp": "ABCD",
    "app_id": 2,
    "workspaceID": "workspace-123"
}
HTTP/1.1 400 Bad Request
access-control-allow-origin: *
content-security-policy: default-src 'self';base-uri 'self';font-src 'self' https: data:;form-action 'self';frame-ancestors 'self';img-src 'self' data:;object-src 'none';script-src 'self';script-src-attr 'none';style-src 'self' https: 'unsafe-inline';upgrade-insecure-requests
cross-origin-opener-policy: same-origin
cross-origin-resource-policy: same-origin
origin-agent-cluster: ?1
referrer-policy: no-referrer
strict-transport-security: max-age=31536000; includeSubDomains
x-content-type-options: nosniff
x-dns-prefetch-control: off
x-download-options: noopen
x-frame-options: SAMEORIGIN
x-permitted-cross-domain-policies: none
x-xss-protection: 0
content-type: application/json; charset=utf-8
etag: W/"33-0J93KJoaCipfGnIWj2MhNqnZPZQ"
vary: Accept-Encoding
x-cloud-trace-context: a3861d1c357bcf1504eb86ed1c573279
date: Tue, 23 Jun 2026 06:07:41 GMT
server: Google Frontend
Content-Length: 51
Alt-Svc: h3=":443"; ma=2592000,h3-29=":443"; ma=2592000

{
    "success": false,
    "message": "OTP invalid",
    "data": {
        
    }
}
11:37:41.976 &amp#27;[39mDEBUG&amp#27;[0;39m &amp#27;[36m[main]&amp#27;[0;39m &amp#27;[33mc.g.t.VerifyOtpTest&amp#27;[0;39m - ? RESPONSE
11:37:41.976 &amp#27;[39mDEBUG&amp#27;[0;39m &amp#27;[36m[main]&amp#27;[0;39m &amp#27;[33mc.g.t.VerifyOtpTest&amp#27;[0;39m -    Status  : 400
11:37:41.976 &amp#27;[39mDEBUG&amp#27;[0;39m &amp#27;[36m[main]&amp#27;[0;39m &amp#27;[33mc.g.t.VerifyOtpTest&amp#27;[0;39m -    Time    : 399 ms
11:37:41.976 &amp#27;[39mDEBUG&amp#27;[0;39m &amp#27;[36m[main]&amp#27;[0;39m &amp#27;[33mc.g.t.VerifyOtpTest&amp#27;[0;39m -    Body    : {"success":false,"message":"OTP invalid","data":{}}
]]></system-out>
  </testcase>
  <testcase name="tc04_verifyOtp_emptyOtp_shouldReturn400Or422" classname="com.gamepe.tests.VerifyOtpTest" time="0.288">
    <system-out><![CDATA[11:37:41.981 &amp#27;[34mINFO &amp#27;[0;39m &amp#27;[36m[main]&amp#27;[0;39m &amp#27;[33mc.g.base.BaseTest&amp#27;[0;39m - ? TEST PASSED  : tc03_verifyOtp_nonNumericOtp_shouldReturn400Or422
11:37:41.982 &amp#27;[34mINFO &amp#27;[0;39m &amp#27;[36m[main]&amp#27;[0;39m &amp#27;[33mc.g.base.BaseTest&amp#27;[0;39m - ?????????????????????????????????????????????????
11:37:41.997 &amp#27;[34mINFO &amp#27;[0;39m &amp#27;[36m[main]&amp#27;[0;39m &amp#27;[33mc.g.base.BaseTest&amp#27;[0;39m - ????????????????????????????????????????????????
11:37:41.998 &amp#27;[34mINFO &amp#27;[0;39m &amp#27;[36m[main]&amp#27;[0;39m &amp#27;[33mc.g.base.BaseTest&amp#27;[0;39m - ?  TEST START  : tc04_verifyOtp_emptyOtp_shouldReturn400Or422
11:37:42.000 &amp#27;[34mINFO &amp#27;[0;39m &amp#27;[36m[main]&amp#27;[0;39m &amp#27;[33mc.g.base.BaseTest&amp#27;[0;39m - ????????????????????????????????????????????????
11:37:42.008 &amp#27;[31mWARN &amp#27;[0;39m &amp#27;[36m[main]&amp#27;[0;39m &amp#27;[33mc.g.t.VerifyOtpTest&amp#27;[0;39m - ??  Sending EMPTY OTP — expecting 400/401/422
11:37:42.009 &amp#27;[39mDEBUG&amp#27;[0;39m &amp#27;[36m[main]&amp#27;[0;39m &amp#27;[33mc.g.t.VerifyOtpTest&amp#27;[0;39m - ? REQUEST
11:37:42.009 &amp#27;[39mDEBUG&amp#27;[0;39m &amp#27;[36m[main]&amp#27;[0;39m &amp#27;[33mc.g.t.VerifyOtpTest&amp#27;[0;39m -    Method : POST
11:37:42.009 &amp#27;[39mDEBUG&amp#27;[0;39m &amp#27;[36m[main]&amp#27;[0;39m &amp#27;[33mc.g.t.VerifyOtpTest&amp#27;[0;39m -    URL    : https://pre-prod-gamepe-backend-auth-core-apis-36251886398.asia-south1.run.app/auth/otp/verify
11:37:42.009 &amp#27;[39mDEBUG&amp#27;[0;39m &amp#27;[36m[main]&amp#27;[0;39m &amp#27;[33mc.g.t.VerifyOtpTest&amp#27;[0;39m -    Body   : {player_id=11254690, device_id=30685769ebafdd1a, mobile_number=9876543210, client_otp=, app_id=2, workspaceID=workspace-123}
Request method:	POST
Request URI:	https://pre-prod-gamepe-backend-auth-core-apis-36251886398.asia-south1.run.app/auth/otp/verify
Proxy:			<none>
Request params:	<none>
Query params:	<none>
Form params:	<none>
Path params:	<none>
Headers:		Accept=application/json, application/javascript, text/javascript, text/json
				Content-Type=application/json
Cookies:		<none>
Multiparts:		<none>
Body:
{
    "player_id": "11254690",
    "device_id": "30685769ebafdd1a",
    "mobile_number": "9876543210",
    "client_otp": "",
    "app_id": 2,
    "workspaceID": "workspace-123"
}
HTTP/1.1 400 Bad Request
access-control-allow-origin: *
content-security-policy: default-src 'self';base-uri 'self';font-src 'self' https: data:;form-action 'self';frame-ancestors 'self';img-src 'self' data:;object-src 'none';script-src 'self';script-src-attr 'none';style-src 'self' https: 'unsafe-inline';upgrade-insecure-requests
cross-origin-opener-policy: same-origin
cross-origin-resource-policy: same-origin
origin-agent-cluster: ?1
referrer-policy: no-referrer
strict-transport-security: max-age=31536000; includeSubDomains
x-content-type-options: nosniff
x-dns-prefetch-control: off
x-download-options: noopen
x-frame-options: SAMEORIGIN
x-permitted-cross-domain-policies: none
x-xss-protection: 0
content-type: application/json; charset=utf-8
etag: W/"33-0J93KJoaCipfGnIWj2MhNqnZPZQ"
vary: Accept-Encoding
x-cloud-trace-context: b597a6401382c08ce7ade16bdcf156b9
date: Tue, 23 Jun 2026 06:07:42 GMT
server: Google Frontend
Content-Length: 51
Alt-Svc: h3=":443"; ma=2592000,h3-29=":443"; ma=2592000

{
    "success": false,
    "message": "OTP invalid",
    "data": {
        
    }
}
11:37:42.292 &amp#27;[39mDEBUG&amp#27;[0;39m &amp#27;[36m[main]&amp#27;[0;39m &amp#27;[33mc.g.t.VerifyOtpTest&amp#27;[0;39m - ? RESPONSE
11:37:42.292 &amp#27;[39mDEBUG&amp#27;[0;39m &amp#27;[36m[main]&amp#27;[0;39m &amp#27;[33mc.g.t.VerifyOtpTest&amp#27;[0;39m -    Status  : 400
11:37:42.292 &amp#27;[39mDEBUG&amp#27;[0;39m &amp#27;[36m[main]&amp#27;[0;39m &amp#27;[33mc.g.t.VerifyOtpTest&amp#27;[0;39m -    Time    : 261 ms
11:37:42.292 &amp#27;[39mDEBUG&amp#27;[0;39m &amp#27;[36m[main]&amp#27;[0;39m &amp#27;[33mc.g.t.VerifyOtpTest&amp#27;[0;39m -    Body    : {"success":false,"message":"OTP invalid","data":{}}
]]></system-out>
  </testcase>
  <testcase name="tc05_verifyOtp_emptyBody_shouldReturn400Or422" classname="com.gamepe.tests.VerifyOtpTest" time="0.3">
    <failure message="1 expectation failed.&#10;Expected status code (is &lt;400&gt; or is &lt;422&gt;) but was &lt;405&gt;.&#10;" type="java.lang.AssertionError"><![CDATA[java.lang.AssertionError: 
1 expectation failed.
Expected status code (is <400> or is <422>) but was <405>.

	at java.base/jdk.internal.reflect.NativeConstructorAccessorImpl.newInstance0(Native Method)
	at java.base/jdk.internal.reflect.NativeConstructorAccessorImpl.newInstance(NativeConstructorAccessorImpl.java:77)
	at java.base/jdk.internal.reflect.DelegatingConstructorAccessorImpl.newInstance(DelegatingConstructorAccessorImpl.java:45)
	at java.base/java.lang.reflect.Constructor.newInstanceWithCaller(Constructor.java:500)
	at java.base/java.lang.reflect.Constructor.newInstance(Constructor.java:481)
	at org.codehaus.groovy.reflection.CachedConstructor.invoke(CachedConstructor.java:73)
	at org.codehaus.groovy.runtime.callsite.ConstructorSite$ConstructorSiteNoUnwrapNoCoerce.callConstructor(ConstructorSite.java:108)
	at org.codehaus.groovy.runtime.callsite.AbstractCallSite.callConstructor(AbstractCallSite.java:277)
	at io.restassured.internal.ResponseSpecificationImpl$HamcrestAssertionClosure.validate(ResponseSpecificationImpl.groovy:512)
	at io.restassured.internal.ResponseSpecificationImpl$HamcrestAssertionClosure$validate$1.call(Unknown Source)
	at io.restassured.internal.ResponseSpecificationImpl.validateResponseIfRequired(ResponseSpecificationImpl.groovy:696)
	at io.restassured.internal.ResponseSpecificationImpl.this$2$validateResponseIfRequired(ResponseSpecificationImpl.groovy)
	at java.base/jdk.internal.reflect.NativeMethodAccessorImpl.invoke0(Native Method)
	at java.base/jdk.internal.reflect.NativeMethodAccessorImpl.invoke(NativeMethodAccessorImpl.java:77)
	at java.base/jdk.internal.reflect.DelegatingMethodAccessorImpl.invoke(DelegatingMethodAccessorImpl.java:43)
	at java.base/java.lang.reflect.Method.invoke(Method.java:569)
	at org.codehaus.groovy.runtime.callsite.PlainObjectMetaMethodSite.doInvoke(PlainObjectMetaMethodSite.java:43)
	at org.codehaus.groovy.runtime.callsite.PogoMetaMethodSite$PogoCachedMethodSiteNoUnwrapNoCoerce.invoke(PogoMetaMethodSite.java:198)
	at org.codehaus.groovy.runtime.callsite.PogoMetaMethodSite.callCurrent(PogoMetaMethodSite.java:62)
	at org.codehaus.groovy.runtime.callsite.AbstractCallSite.callCurrent(AbstractCallSite.java:185)
	at io.restassured.internal.ResponseSpecificationImpl.statusCode(ResponseSpecificationImpl.groovy:135)
	at io.restassured.internal.ValidatableResponseOptionsImpl.statusCode(ValidatableResponseOptionsImpl.java:84)
	at com.gamepe.tests.VerifyOtpTest.tc05_verifyOtp_emptyBody_shouldReturn400Or422(VerifyOtpTest.java:256)
	at java.base/jdk.internal.reflect.NativeMethodAccessorImpl.invoke0(Native Method)
	at java.base/jdk.internal.reflect.NativeMethodAccessorImpl.invoke(NativeMethodAccessorImpl.java:77)
	at java.base/jdk.internal.reflect.DelegatingMethodAccessorImpl.invoke(DelegatingMethodAccessorImpl.java:43)
	at java.base/java.lang.reflect.Method.invoke(Method.java:569)
	at org.testng.internal.invokers.MethodInvocationHelper.invokeMethod(MethodInvocationHelper.java:139)
	at org.testng.internal.invokers.TestInvoker.invokeMethod(TestInvoker.java:664)
	at org.testng.internal.invokers.TestInvoker.invokeTestMethod(TestInvoker.java:228)
	at org.testng.internal.invokers.MethodRunner.runInSequence(MethodRunner.java:63)
	at org.testng.internal.invokers.TestInvoker$MethodInvocationAgent.invoke(TestInvoker.java:961)
	at org.testng.internal.invokers.TestInvoker.invokeTestMethods(TestInvoker.java:201)
	at org.testng.internal.invokers.TestMethodWorker.invokeTestMethods(TestMethodWorker.java:148)
	at org.testng.internal.invokers.TestMethodWorker.run(TestMethodWorker.java:128)
	at java.base/java.util.ArrayList.forEach(ArrayList.java:1511)
	at org.testng.TestRunner.privateRun(TestRunner.java:819)
	at org.testng.TestRunner.run(TestRunner.java:619)
	at org.testng.SuiteRunner.runTest(SuiteRunner.java:443)
	at org.testng.SuiteRunner.runSequentially(SuiteRunner.java:437)
	at org.testng.SuiteRunner.privateRun(SuiteRunner.java:397)
	at org.testng.SuiteRunner.run(SuiteRunner.java:336)
	at org.testng.SuiteRunnerWorker.runSuite(SuiteRunnerWorker.java:52)
	at org.testng.SuiteRunnerWorker.run(SuiteRunnerWorker.java:95)
	at org.testng.TestNG.runSuitesSequentially(TestNG.java:1301)
	at org.testng.TestNG.runSuitesLocally(TestNG.java:1228)
	at org.testng.TestNG.runSuites(TestNG.java:1134)
	at org.testng.TestNG.run(TestNG.java:1101)
	at org.apache.maven.surefire.testng.TestNGExecutor.run(TestNGExecutor.java:155)
	at org.apache.maven.surefire.testng.TestNGDirectoryTestSuite.executeSingleClass(TestNGDirectoryTestSuite.java:102)
	at org.apache.maven.surefire.testng.TestNGDirectoryTestSuite.execute(TestNGDirectoryTestSuite.java:91)
	at org.apache.maven.surefire.testng.TestNGProvider.invoke(TestNGProvider.java:137)
	at org.apache.maven.surefire.booter.ForkedBooter.runSuitesInProcess(ForkedBooter.java:385)
	at org.apache.maven.surefire.booter.ForkedBooter.execute(ForkedBooter.java:162)
	at org.apache.maven.surefire.booter.ForkedBooter.run(ForkedBooter.java:507)
	at org.apache.maven.surefire.booter.ForkedBooter.main(ForkedBooter.java:495)
]]></failure>
    <system-out><![CDATA[11:37:42.297 &amp#27;[34mINFO &amp#27;[0;39m &amp#27;[36m[main]&amp#27;[0;39m &amp#27;[33mc.g.base.BaseTest&amp#27;[0;39m - ? TEST PASSED  : tc04_verifyOtp_emptyOtp_shouldReturn400Or422
11:37:42.298 &amp#27;[34mINFO &amp#27;[0;39m &amp#27;[36m[main]&amp#27;[0;39m &amp#27;[33mc.g.base.BaseTest&amp#27;[0;39m - ?????????????????????????????????????????????????
11:37:42.304 &amp#27;[34mINFO &amp#27;[0;39m &amp#27;[36m[main]&amp#27;[0;39m &amp#27;[33mc.g.base.BaseTest&amp#27;[0;39m - ????????????????????????????????????????????????
11:37:42.305 &amp#27;[34mINFO &amp#27;[0;39m &amp#27;[36m[main]&amp#27;[0;39m &amp#27;[33mc.g.base.BaseTest&amp#27;[0;39m - ?  TEST START  : tc05_verifyOtp_emptyBody_shouldReturn400Or422
11:37:42.305 &amp#27;[34mINFO &amp#27;[0;39m &amp#27;[36m[main]&amp#27;[0;39m &amp#27;[33mc.g.base.BaseTest&amp#27;[0;39m - ????????????????????????????????????????????????
11:37:42.312 &amp#27;[31mWARN &amp#27;[0;39m &amp#27;[36m[main]&amp#27;[0;39m &amp#27;[33mc.g.t.VerifyOtpTest&amp#27;[0;39m - ??  Sending EMPTY body {{}} to verify endpoint — expecting 400/422
11:37:42.313 &amp#27;[39mDEBUG&amp#27;[0;39m &amp#27;[36m[main]&amp#27;[0;39m &amp#27;[33mc.g.t.VerifyOtpTest&amp#27;[0;39m - ? REQUEST
11:37:42.313 &amp#27;[39mDEBUG&amp#27;[0;39m &amp#27;[36m[main]&amp#27;[0;39m &amp#27;[33mc.g.t.VerifyOtpTest&amp#27;[0;39m -    Method : POST
11:37:42.314 &amp#27;[39mDEBUG&amp#27;[0;39m &amp#27;[36m[main]&amp#27;[0;39m &amp#27;[33mc.g.t.VerifyOtpTest&amp#27;[0;39m -    URL    : https://pre-prod-gamepe-backend-auth-core-apis-36251886398.asia-south1.run.app/auth/otp/verify
11:37:42.314 &amp#27;[39mDEBUG&amp#27;[0;39m &amp#27;[36m[main]&amp#27;[0;39m &amp#27;[33mc.g.t.VerifyOtpTest&amp#27;[0;39m -    Body   : {}
Request method:	POST
Request URI:	https://pre-prod-gamepe-backend-auth-core-apis-36251886398.asia-south1.run.app/auth/otp/verify
Proxy:			<none>
Request params:	<none>
Query params:	<none>
Form params:	<none>
Path params:	<none>
Headers:		Accept=application/json, application/javascript, text/javascript, text/json
				Content-Type=application/json
Cookies:		<none>
Multiparts:		<none>
Body:
{
    
}
HTTP/1.1 405 Method Not Allowed
access-control-allow-origin: *
content-security-policy: default-src 'self';base-uri 'self';font-src 'self' https: data:;form-action 'self';frame-ancestors 'self';img-src 'self' data:;object-src 'none';script-src 'self';script-src-attr 'none';style-src 'self' https: 'unsafe-inline';upgrade-insecure-requests
cross-origin-opener-policy: same-origin
cross-origin-resource-policy: same-origin
origin-agent-cluster: ?1
referrer-policy: no-referrer
strict-transport-security: max-age=31536000; includeSubDomains
x-content-type-options: nosniff
x-dns-prefetch-control: off
x-download-options: noopen
x-frame-options: SAMEORIGIN
x-permitted-cross-domain-policies: none
x-xss-protection: 0
content-type: application/json; charset=utf-8
etag: W/"3f-iI7E+p+4gY1fxhiEf3CA2SuJ/I0"
vary: Accept-Encoding
x-cloud-trace-context: 7f09015446049d11971bb7f0d34847fc
date: Tue, 23 Jun 2026 06:07:42 GMT
server: Google Frontend
Content-Length: 63
Alt-Svc: h3=":443"; ma=2592000,h3-29=":443"; ma=2592000

{
    "success": false,
    "message": "Invalid input provided.",
    "data": {
        
    }
}
HTTP/1.1 405 Method Not Allowed
access-control-allow-origin: *
content-security-policy: default-src 'self';base-uri 'self';font-src 'self' https: data:;form-action 'self';frame-ancestors 'self';img-src 'self' data:;object-src 'none';script-src 'self';script-src-attr 'none';style-src 'self' https: 'unsafe-inline';upgrade-insecure-requests
cross-origin-opener-policy: same-origin
cross-origin-resource-policy: same-origin
origin-agent-cluster: ?1
referrer-policy: no-referrer
strict-transport-security: max-age=31536000; includeSubDomains
x-content-type-options: nosniff
x-dns-prefetch-control: off
x-download-options: noopen
x-frame-options: SAMEORIGIN
x-permitted-cross-domain-policies: none
x-xss-protection: 0
content-type: application/json; charset=utf-8
etag: W/"3f-iI7E+p+4gY1fxhiEf3CA2SuJ/I0"
vary: Accept-Encoding
x-cloud-trace-context: 7f09015446049d11971bb7f0d34847fc
date: Tue, 23 Jun 2026 06:07:42 GMT
server: Google Frontend
Content-Length: 63
Alt-Svc: h3=":443"; ma=2592000,h3-29=":443"; ma=2592000

{
    "success": false,
    "message": "Invalid input provided.",
    "data": {
        
    }
}
]]></system-out>
  </testcase>
</testsuite>